============================= test session starts ==============================
platform linux -- Python 3.10.12, pytest-8.3.4, pluggy-1.6.0 -- /usr/bin/python3
cachedir: .pytest_cache
hypothesis profile 'default'
rootdir: /mnt/c/Users/Kroha/Documents/development/Auto-Doc Pipeline
configfile: setup.cfg
testpaths: tests
plugins: timeout-2.4.0, mock-3.15.1, anyio-4.11.0, hypothesis-6.148.5, xdist-3.8.0, cov-7.0.0, asyncio-1.2.0
asyncio: mode=strict, debug=False, asyncio_default_fixture_loop_scope=function, asyncio_default_test_loop_scope=function
collecting ... collected 2662 items

tests/test_api_app_ops_routes_coverage.py::test_app_ops_and_legacy_routes PASSED [  0%]
tests/test_api_app_ops_routes_coverage.py::test_app_error_branches PASSED [  0%]
tests/test_api_protocols_defaults.py::test_default_protocol_settings_include_echo_endpoints PASSED [  0%]
tests/test_api_protocols_defaults.py::test_apply_realtime_defaults_fills_empty_endpoints PASSED [  0%]
tests/test_app_utility_coverage_boost.py::test_get_current_user_branches PASSED [  0%]
tests/test_app_utility_coverage_boost.py::test_rate_limit_and_ops_token PASSED [  0%]
tests/test_app_utility_coverage_boost.py::test_key_loading_signature_allowlist_and_revocation PASSED [  0%]
tests/test_app_utility_coverage_boost.py::test_init_sentry_and_get_db_and_settings PASSED [  0%]
tests/test_audit_embeddings_rollback.py::TestSafePct::test_normal_division PASSED [  0%]
tests/test_audit_embeddings_rollback.py::TestSafePct::test_denominator_zero PASSED [  0%]
tests/test_audit_embeddings_rollback.py::TestSafePct::test_denominator_negative PASSED [  0%]
tests/test_audit_embeddings_rollback.py::TestSafePct::test_numerator_zero PASSED [  0%]
tests/test_audit_embeddings_rollback.py::TestSafePct::test_full_percentage PASSED [  0%]
tests/test_audit_embeddings_rollback.py::TestSafePct::test_rounding_precision PASSED [  0%]
tests/test_audit_embeddings_rollback.py::TestSafePct::test_large_values PASSED [  0%]
tests/test_audit_embeddings_rollback.py::TestExtractFrontmatter::test_valid_frontmatter PASSED [  0%]
tests/test_audit_embeddings_rollback.py::TestExtractFrontmatter::test_no_frontmatter PASSED [  0%]
tests/test_audit_embeddings_rollback.py::TestExtractFrontmatter::test_incomplete_frontmatter PASSED [  0%]
tests/test_audit_embeddings_rollback.py::TestExtractFrontmatter::test_invalid_yaml PASSED [  0%]
tests/test_audit_embeddings_rollback.py::TestExtractFrontmatter::test_non_dict_yaml PASSED [  0%]
tests/test_audit_embeddings_rollback.py::TestExtractFrontmatter::test_empty_yaml PASSED [  0%]
tests/test_audit_embeddings_rollback.py::TestParseIsoDate::test_date_only PASSED [  0%]
tests/test_audit_embeddings_rollback.py::TestParseIsoDate::test_full_iso_with_z PASSED [  0%]
tests/test_audit_embeddings_rollback.py::TestParseIsoDate::test_full_iso_with_offset PASSED [  0%]
tests/test_audit_embeddings_rollback.py::TestParseIsoDate::test_naive_datetime PASSED [  0%]
tests/test_audit_embeddings_rollback.py::TestParseIsoDate::test_empty_string PASSED [  0%]
tests/test_audit_embeddings_rollback.py::TestParseIsoDate::test_invalid_format PASSED [  1%]
tests/test_audit_embeddings_rollback.py::TestParseIsoDate::test_whitespace_handling PASSED [  1%]
tests/test_audit_embeddings_rollback.py::TestCollectOperations::test_single_get PASSED [  1%]
tests/test_audit_embeddings_rollback.py::TestCollectOperations::test_multiple_methods PASSED [  1%]
tests/test_audit_embeddings_rollback.py::TestCollectOperations::test_non_http_keys_ignored PASSED [  1%]
tests/test_audit_embeddings_rollback.py::TestCollectOperations::test_empty_paths PASSED [  1%]
tests/test_audit_embeddings_rollback.py::TestCollectOperations::test_no_paths_key PASSED [  1%]
tests/test_audit_embeddings_rollback.py::TestCollectOperations::test_missing_operation_id PASSED [  1%]
tests/test_audit_embeddings_rollback.py::TestCollectOperations::test_non_dict_path_item_skipped PASSED [  1%]
tests/test_audit_embeddings_rollback.py::TestInferFeatureKey::test_explicit_feature_id PASSED [  1%]
tests/test_audit_embeddings_rollback.py::TestInferFeatureKey::test_explicit_component PASSED [  1%]
tests/test_audit_embeddings_rollback.py::TestInferFeatureKey::test_title_normalization PASSED [  1%]
tests/test_audit_embeddings_rollback.py::TestInferFeatureKey::test_title_strips_content_type_suffix PASSED [  1%]
tests/test_audit_embeddings_rollback.py::TestInferFeatureKey::test_stem_fallback PASSED [  1%]
tests/test_audit_embeddings_rollback.py::TestInferFeatureKey::test_stem_no_suffix_match PASSED [  1%]
tests/test_audit_embeddings_rollback.py::TestInferFeatureKey::test_empty_title_and_stem PASSED [  1%]
tests/test_audit_embeddings_rollback.py::TestInferFeatureKey::test_fallback_chain_priority PASSED [  1%]
tests/test_audit_embeddings_rollback.py::TestInferFeatureKey::test_feature_key_before_component PASSED [  1%]
tests/test_audit_embeddings_rollback.py::TestOverallScore::test_perfect_scores PASSED [  1%]
tests/test_audit_embeddings_rollback.py::TestOverallScore::test_exact_weight_formula PASSED [  1%]
tests/test_audit_embeddings_rollback.py::TestOverallScore::test_retrieval_missing_uses_defaults PASSED [  1%]
tests/test_audit_embeddings_rollback.py::TestOverallScore::test_grade_boundaries PASSED [  1%]
tests/test_audit_embeddings_rollback.py::TestOverallScore::test_score_clamped_to_0_100 PASSED [  1%]
tests/test_audit_embeddings_rollback.py::TestBusinessImpact::test_risk_index_all_zero PASSED [  1%]
tests/test_audit_embeddings_rollback.py::TestBusinessImpact::test_risk_index_formula_exact PASSED [  1%]
tests/test_audit_embeddings_rollback.py::TestBusinessImpact::test_risk_index_clamped_at_1 PASSED [  1%]
tests/test_audit_embeddings_rollback.py::TestBusinessImpact::test_scenario_multipliers PASSED [  1%]
tests/test_audit_embeddings_rollback.py::TestBusinessImpact::test_custom_assumptions PASSED [  2%]
tests/test_audit_embeddings_rollback.py::TestBuildFindings::test_always_produces_6_core_findings PASSED [  2%]
tests/test_audit_embeddings_rollback.py::TestBuildFindings::test_retrieval_missing_appends_missing_finding PASSED [  2%]
tests/test_audit_embeddings_rollback.py::TestBuildFindings::test_retrieval_found_appends_retrieval_finding PASSED [  2%]
tests/test_audit_embeddings_rollback.py::TestBuildFindings::test_evidence_missing_findings_added PASSED [  2%]
tests/test_audit_embeddings_rollback.py::TestBuildFindings::test_findings_sorted_by_severity PASSED [  2%]
tests/test_audit_embeddings_rollback.py::TestBuildFindings::test_finding_fixability_maps_to_capability PASSED [  2%]
tests/test_audit_embeddings_rollback.py::TestBuildFindings::test_severity_from_gap_thresholds PASSED [  2%]
tests/test_audit_embeddings_rollback.py::TestBuildHtml::test_html_contains_doctype PASSED [  2%]
tests/test_audit_embeddings_rollback.py::TestBuildHtml::test_html_contains_score PASSED [  2%]
tests/test_audit_embeddings_rollback.py::TestBuildHtml::test_html_contains_grade PASSED [  2%]
tests/test_audit_embeddings_rollback.py::TestBuildHtml::test_html_contains_generated_at PASSED [  2%]
tests/test_audit_embeddings_rollback.py::TestBuildHtml::test_html_escapes_special_chars PASSED [  2%]
tests/test_audit_embeddings_rollback.py::TestBuildHtml::test_html_top3_gaps_rendered PASSED [  2%]
tests/test_audit_embeddings_rollback.py::TestBuildHtml::test_html_empty_gaps PASSED [  2%]
tests/test_audit_embeddings_rollback.py::TestFreshnessMetrics::test_no_docs_directory PASSED [  2%]
tests/test_audit_embeddings_rollback.py::TestFreshnessMetrics::test_docs_with_dates PASSED [  2%]
tests/test_audit_embeddings_rollback.py::TestFreshnessMetrics::test_docs_missing_dates PASSED [  2%]
tests/test_audit_embeddings_rollback.py::TestDriftMetrics::test_no_reports PASSED [  2%]
tests/test_audit_embeddings_rollback.py::TestDriftMetrics::test_mismatches_list PASSED [  2%]
tests/test_audit_embeddings_rollback.py::TestTerminologyMetrics::test_no_glossary PASSED [  2%]
tests/test_audit_embeddings_rollback.py::TestTerminologyMetrics::test_forbidden_terms_detected PASSED [  2%]
tests/test_audit_embeddings_rollback.py::TestLayerCompleteness::test_empty_docs PASSED [  2%]
tests/test_audit_embeddings_rollback.py::TestLayerCompleteness::test_feature_with_all_layers PASSED [  2%]
tests/test_audit_embeddings_rollback.py::TestLayerCompleteness::test_feature_missing_layer PASSED [  2%]
tests/test_audit_embeddings_rollback.py::TestApiCoverageMetrics::test_no_spec PASSED [  2%]
tests/test_audit_embeddings_rollback.py::TestApiCoverageMetrics::test_documented_operation PASSED [  3%]
tests/test_audit_embeddings_rollback.py::TestApiCoverageMetrics::test_undocumented_operation PASSED [  3%]
tests/test_audit_embeddings_rollback.py::TestFindingsTotals::test_counts_by_severity PASSED [  3%]
tests/test_audit_embeddings_rollback.py::TestCapabilityMatrix::test_returns_all_capabilities PASSED [  3%]
tests/test_audit_embeddings_rollback.py::TestLoadAssumptions::test_defaults_when_no_file PASSED [  3%]
tests/test_audit_embeddings_rollback.py::TestLoadAssumptions::test_custom_values_from_file PASSED [  3%]
tests/test_audit_embeddings_rollback.py::TestReadJson::test_missing_file PASSED [  3%]
tests/test_audit_embeddings_rollback.py::TestReadJson::test_invalid_json PASSED [  3%]
tests/test_audit_embeddings_rollback.py::TestReadJson::test_non_dict_json PASSED [  3%]
tests/test_audit_embeddings_rollback.py::TestMainScorecard::test_main_produces_json_and_html PASSED [  3%]
tests/test_audit_embeddings_rollback.py::TestLoadIndex::test_loads_plain_list PASSED [  3%]
tests/test_audit_embeddings_rollback.py::TestLoadIndex::test_loads_records_key PASSED [  3%]
tests/test_audit_embeddings_rollback.py::TestLoadIndex::test_filters_invalid_records PASSED [  3%]
tests/test_audit_embeddings_rollback.py::TestLoadIndex::test_raises_on_non_list PASSED [  3%]
tests/test_audit_embeddings_rollback.py::TestBuildText::test_full_module PASSED [  3%]
tests/test_audit_embeddings_rollback.py::TestBuildText::test_empty_module PASSED [  3%]
tests/test_audit_embeddings_rollback.py::TestBuildText::test_partial_module PASSED [  3%]
tests/test_audit_embeddings_rollback.py::TestEmbedBatch::test_single_batch PASSED [  3%]
tests/test_audit_embeddings_rollback.py::TestEmbedBatch::test_multiple_batches PASSED [  3%]
tests/test_audit_embeddings_rollback.py::TestEmbedBatch::test_httpx_missing_raises PASSED [  3%]
tests/test_audit_embeddings_rollback.py::TestEmbedBatch::test_auth_header PASSED [  3%]
tests/test_audit_embeddings_rollback.py::TestBuildFaissIndex::test_normal_embeddings PASSED [  3%]
tests/test_audit_embeddings_rollback.py::TestBuildFaissIndex::test_zero_vector_no_nan PASSED [  3%]
tests/test_audit_embeddings_rollback.py::TestBuildFaissIndex::test_faiss_missing_raises PASSED [  3%]
tests/test_audit_embeddings_rollback.py::TestBuildFaissIndex::test_normalization_unit_vectors PASSED [  3%]
tests/test_audit_embeddings_rollback.py::TestEmbeddingsMain::test_no_api_key_skips PASSED [  3%]
tests/test_audit_embeddings_rollback.py::TestEmbeddingsMain::test_no_faiss_skips PASSED [  3%]
tests/test_audit_embeddings_rollback.py::TestEmbeddingsMain::test_no_httpx_skips PASSED [  4%]
tests/test_audit_embeddings_rollback.py::TestEmbeddingsMain::test_missing_index_raises PASSED [  4%]
tests/test_audit_embeddings_rollback.py::TestEmbeddingsMain::test_empty_modules_skips PASSED [  4%]
tests/test_audit_embeddings_rollback.py::TestEmbeddingsMain::test_full_pipeline_non_chunked PASSED [  4%]
tests/test_audit_embeddings_rollback.py::TestListBackups::test_no_backup_dir PASSED [  4%]
tests/test_audit_embeddings_rollback.py::TestListBackups::test_lists_and_sorts_descending PASSED [  4%]
tests/test_audit_embeddings_rollback.py::TestListBackups::test_strips_v_prefix PASSED [  4%]
tests/test_audit_embeddings_rollback.py::TestListBackups::test_ignores_files PASSED [  4%]
tests/test_audit_embeddings_rollback.py::TestRollbackTo::test_backup_not_found PASSED [  4%]
tests/test_audit_embeddings_rollback.py::TestRollbackTo::test_restores_version_file PASSED [  4%]
tests/test_audit_embeddings_rollback.py::TestRollbackTo::test_restores_compiled_modules PASSED [  4%]
tests/test_audit_embeddings_rollback.py::TestRollbackTo::test_no_version_file_in_backup PASSED [  4%]
tests/test_audit_embeddings_rollback.py::TestRollbackMain::test_list_no_backups PASSED [  4%]
tests/test_audit_embeddings_rollback.py::TestRollbackMain::test_list_with_backups PASSED [  4%]
tests/test_audit_embeddings_rollback.py::TestRollbackMain::test_latest_no_backups PASSED [  4%]
tests/test_audit_embeddings_rollback.py::TestRollbackMain::test_latest_with_backups PASSED [  4%]
tests/test_audit_embeddings_rollback.py::TestRollbackMain::test_version_flag PASSED [  4%]
tests/test_audit_embeddings_rollback.py::TestRollbackMain::test_version_not_found PASSED [  4%]
tests/test_audit_embeddings_rollback.py::TestRollbackMain::test_no_flags_prints_help PASSED [  4%]
tests/test_autopipeline_matrix.py::test_collect_artifacts_toggles_test_assets_by_runtime PASSED [  4%]
tests/test_autopipeline_matrix.py::test_stage_summary_respects_skip_consolidated_flag PASSED [  4%]
tests/test_autopipeline_matrix.py::test_output_index_contains_review_links_and_searchability PASSED [  4%]
tests/test_autopipeline_matrix.py::test_output_index_strips_en_suffix_from_site_url PASSED [  4%]
tests/test_autopipeline_matrix.py::test_policy_pack_fallback_uses_existing_pack PASSED [  4%]
tests/test_autopipeline_suite.py::AdmonitionConversionTests::test_all_types <- tests/test_docusaurus_adapter.py PASSED [  4%]
tests/test_autopipeline_suite.py::AdmonitionConversionTests::test_code_inside_admonition <- tests/test_docusaurus_adapter.py PASSED [  4%]
tests/test_autopipeline_suite.py::AdmonitionConversionTests::test_collapsible <- tests/test_docusaurus_adapter.py PASSED [  4%]
tests/test_autopipeline_suite.py::AdmonitionConversionTests::test_consecutive_admonitions <- tests/test_docusaurus_adapter.py PASSED [  5%]
tests/test_autopipeline_suite.py::AdmonitionConversionTests::test_simple_note <- tests/test_docusaurus_adapter.py PASSED [  5%]
tests/test_autopipeline_suite.py::AdmonitionConversionTests::test_untitled <- tests/test_docusaurus_adapter.py PASSED [  5%]
tests/test_autopipeline_suite.py::AdmonitionConversionTests::test_warning_multiline <- tests/test_docusaurus_adapter.py PASSED [  5%]
tests/test_autopipeline_suite.py::TabConversionTests::test_import_added_once <- tests/test_docusaurus_adapter.py PASSED [  5%]
tests/test_autopipeline_suite.py::TabConversionTests::test_mixed_tabs_and_admonitions <- tests/test_docusaurus_adapter.py PASSED [  5%]
tests/test_autopipeline_suite.py::TabConversionTests::test_tabs_with_code <- tests/test_docusaurus_adapter.py PASSED [  5%]
tests/test_autopipeline_suite.py::TabConversionTests::test_two_tabs <- tests/test_docusaurus_adapter.py PASSED [  5%]
tests/test_autopipeline_suite.py::NavConversionTests::test_flat_nav <- tests/test_docusaurus_adapter.py PASSED [  5%]
tests/test_autopipeline_suite.py::NavConversionTests::test_index_as_category_link <- tests/test_docusaurus_adapter.py PASSED [  5%]
tests/test_autopipeline_suite.py::NavConversionTests::test_labeled_items <- tests/test_docusaurus_adapter.py PASSED [  5%]
tests/test_autopipeline_suite.py::NavConversionTests::test_nested_nav <- tests/test_docusaurus_adapter.py PASSED [  5%]
tests/test_autopipeline_suite.py::SiteGeneratorTests::test_detect_default <- tests/test_docusaurus_adapter.py PASSED [  5%]
tests/test_autopipeline_suite.py::SiteGeneratorTests::test_detect_docusaurus <- tests/test_docusaurus_adapter.py PASSED [  5%]
tests/test_autopipeline_suite.py::SiteGeneratorTests::test_detect_hugo <- tests/test_docusaurus_adapter.py PASSED [  5%]
tests/test_autopipeline_suite.py::SiteGeneratorTests::test_detect_jekyll <- tests/test_docusaurus_adapter.py PASSED [  5%]
tests/test_autopipeline_suite.py::SiteGeneratorTests::test_detect_mkdocs <- tests/test_docusaurus_adapter.py PASSED [  5%]
tests/test_autopipeline_suite.py::SiteGeneratorTests::test_detect_sphinx <- tests/test_docusaurus_adapter.py PASSED [  5%]
tests/test_autopipeline_suite.py::SiteGeneratorTests::test_docusaurus_build_command <- tests/test_docusaurus_adapter.py PASSED [  5%]
tests/test_autopipeline_suite.py::SiteGeneratorTests::test_mkdocs_build_command <- tests/test_docusaurus_adapter.py PASSED [  5%]
tests/test_autopipeline_suite.py::SiteGeneratorTests::test_url_conventions <- tests/test_docusaurus_adapter.py PASSED [  5%]
tests/test_autopipeline_suite.py::ConfigGenerationTests::test_full_config <- tests/test_docusaurus_adapter.py PASSED [  5%]
tests/test_autopipeline_suite.py::ConfigGenerationTests::test_minimal_config <- tests/test_docusaurus_adapter.py PASSED [  5%]
tests/test_autopipeline_suite.py::AdapterIntegrationTests::test_convert_directory <- tests/test_docusaurus_adapter.py PASSED [  5%]
tests/test_autopipeline_suite.py::AdapterIntegrationTests::test_roundtrip <- tests/test_docusaurus_adapter.py PASSED [  5%]
tests/test_autopipeline_suite.py::ConfiguratorGenerationTests::test_all_form_sections <- tests/test_gui_configurator.py PASSED [  5%]
tests/test_autopipeline_suite.py::ConfiguratorGenerationTests::test_embeds_policy_packs <- tests/test_gui_configurator.py PASSED [  6%]
tests/test_autopipeline_suite.py::ConfiguratorGenerationTests::test_embeds_schema <- tests/test_gui_configurator.py PASSED [  6%]
tests/test_autopipeline_suite.py::ConfiguratorGenerationTests::test_embeds_variables <- tests/test_gui_configurator.py PASSED [  6%]
tests/test_autopipeline_suite.py::ConfiguratorGenerationTests::test_generator_choices <- tests/test_gui_configurator.py PASSED [  6%]
tests/test_autopipeline_suite.py::ConfiguratorGenerationTests::test_no_external_deps <- tests/test_gui_configurator.py PASSED [  6%]
tests/test_autopipeline_suite.py::ConfiguratorGenerationTests::test_valid_html <- tests/test_gui_configurator.py PASSED [  6%]
tests/test_autopipeline_suite.py::FunctionalTests::test_docs_contract_blocks_without_docs PASSED [  6%]
tests/test_autopipeline_suite.py::FunctionalTests::test_docs_contract_passes_with_docs PASSED [  6%]
tests/test_autopipeline_suite.py::FunctionalTests::test_drift_detected_without_reference_docs PASSED [  6%]
tests/test_autopipeline_suite.py::FunctionalTests::test_drift_passes_with_reference_docs PASSED [  6%]
tests/test_autopipeline_suite.py::FunctionalTests::test_sla_breach_for_low_quality PASSED [  6%]
tests/test_autopipeline_suite.py::IntegrationTests::test_kpi_output_is_consumed_by_sla_evaluation PASSED [  6%]
tests/test_autopipeline_suite.py::IntegrationTests::test_lifecycle_manager_generates_report_and_json PASSED [  6%]
tests/test_autopipeline_suite.py::SecurityTests::test_lifecycle_workflow_has_guardrails PASSED [  6%]
tests/test_autopipeline_suite.py::SecurityTests::test_no_inline_secret_literals_in_scripts PASSED [  6%]
tests/test_autopipeline_suite.py::SecurityTests::test_no_shell_true_in_subprocess_calls PASSED [  6%]
tests/test_autopipeline_suite.py::PerformanceTests::test_contract_and_drift_scale_to_large_change_sets PASSED [  6%]
tests/test_autopipeline_suite.py::PerformanceTests::test_smoke_block_parsing_scales PASSED [  6%]
tests/test_autopipeline_suite.py::E2ETests::test_fixture_driven_e2e_suite PASSED [  6%]
tests/test_autopipeline_suite.py::WorkflowContractTests::test_required_workflow_files_exist PASSED [  6%]
tests/test_autopipeline_suite.py::CodeExamplesSmokeTests::test_smoke_dispatch_for_typescript_and_go PASSED [  6%]
tests/test_autopipeline_suite.py::CodeExamplesSmokeTests::test_smoke_runner_executes_tagged_examples PASSED [  6%]
tests/test_autopipeline_suite.py::CodeExamplesSmokeTests::test_smoke_runner_handles_curl_without_network_execution PASSED [  6%]
tests/test_autopipeline_suite.py::PLGConfigTests::test_mkdocs_has_unified_plg_config PASSED [  6%]
tests/test_autopipeline_suite.py::PLGConfigTests::test_plg_policy_pack_exists_and_has_modes PASSED [  6%]
tests/test_billing_manual_and_license_coverage.py::test_manual_subscription_upsert_valid_and_errors PASSED [  6%]
tests/test_billing_manual_and_license_coverage.py::test_verify_manual_webhook_signature_paths PASSED [  6%]
tests/test_billing_manual_and_license_coverage.py::test_resolve_manual_user_id_by_all_methods PASSED [  7%]
tests/test_billing_manual_and_license_coverage.py::test_manual_billing_webhook_event_routing PASSED [  7%]
tests/test_billing_manual_and_license_coverage.py::test_license_status_and_token_branches PASSED [  7%]
tests/test_billing_manual_and_license_coverage.py::test_license_status_raises_without_subscription PASSED [  7%]
tests/test_billing_manual_and_license_coverage.py::test_license_token_requires_active_subscription PASSED [  7%]
tests/test_billing_manual_and_license_coverage.py::test_license_autorenew_batch_counts PASSED [  7%]
tests/test_billing_webhook_handlers_coverage.py::test_subscription_created_and_updated_paths PASSED [  7%]
tests/test_billing_webhook_handlers_coverage.py::test_subscription_status_event_handlers PASSED [  7%]
tests/test_billing_webhook_handlers_coverage.py::test_trial_ending_and_payment_handlers PASSED [  7%]
tests/test_billing_webhook_handlers_coverage.py::test_handle_webhook_dispatch_smoke PASSED [  7%]
tests/test_build_acme_contract_failures_coverage.py::test_validate_page_contract_failures PASSED [  7%]
tests/test_build_acme_contract_failures_coverage.py::test_validate_scope_secrets_links_and_quality_stack PASSED [  7%]
tests/test_build_acme_contract_failures_coverage.py::test_assets_contract_and_built_site_failures PASSED [  7%]
tests/test_build_acme_rag_sync_coverage.py::test_build_demo_rag_assets_and_slug_and_first_paragraph PASSED [  7%]
tests/test_build_acme_rag_sync_coverage.py::test_generate_embeddings_sync_assets_and_kpi_refresh PASSED [  7%]
tests/test_build_acme_rag_sync_coverage.py::test_validate_built_site_additional_failures PASSED [  7%]
tests/test_build_offline_renewal_bundle.py::test_build_offline_renewal_bundle_zip PASSED [  7%]
tests/test_build_offline_renewal_bundle.py::test_build_offline_renewal_bundle_with_prebuilt_files PASSED [  7%]
tests/test_bundle_content_defaults.py::test_create_bundle_includes_full_templates_and_consistency_assets PASSED [  7%]
tests/test_bundle_content_defaults.py::test_create_bundle_uses_pilot_template_subset PASSED [  7%]
tests/test_client_pipeline_coverage.py::TestBuildClientBundle::test_deep_merge_and_cron_day PASSED [  7%]
tests/test_client_pipeline_coverage.py::TestBuildClientBundle::test_upsert_managed_block_insert_and_replace PASSED [  7%]
tests/test_client_pipeline_coverage.py::TestBuildClientBundle::test_create_bundle_end_to_end PASSED [  7%]
tests/test_client_pipeline_coverage.py::TestBuildClientBundle::test_licensing_auto_generates_jwt_with_private_key PASSED [  7%]
tests/test_client_pipeline_coverage.py::TestBuildClientBundle::test_build_vale_invalid_style PASSED [  7%]
tests/test_client_pipeline_coverage.py::TestProvisionClientRepo::test_copy_bundle_to_repo PASSED [  7%]
tests/test_client_pipeline_coverage.py::TestProvisionClientRepo::test_run_scheduler_install_modes PASSED [  8%]
tests/test_client_pipeline_coverage.py::TestProvisionClientRepo::test_main_happy_path PASSED [  8%]
tests/test_client_pipeline_coverage.py::TestProvisionClientRepo::test_dotenv_and_gitignore_helpers PASSED [  8%]
tests/test_client_pipeline_coverage.py::TestProvisionClientRepo::test_interactive_wizard_and_missing_non_tty PASSED [  8%]
tests/test_client_pipeline_coverage.py::TestProvisionClientRepo::test_apply_integrations_ask_ai PASSED [  8%]
tests/test_client_pipeline_coverage.py::TestProvisionClientRepo::test_apply_integrations_disabled_noop PASSED [  8%]
tests/test_client_pipeline_coverage.py::TestProvisionClientRepo::test_generate_env_checklist PASSED [  8%]
tests/test_client_pipeline_coverage.py::TestProvisionClientRepo::test_install_pr_autofix_workflow PASSED [  8%]
tests/test_client_pipeline_coverage.py::TestProvisionClientRepo::test_install_pr_autofix_workflow_disabled PASSED [  8%]
tests/test_client_pipeline_coverage.py::TestAlgoliaWidgetGenerator::test_generate_widget_mkdocs PASSED [  8%]
tests/test_client_pipeline_coverage.py::TestAlgoliaWidgetGenerator::test_generate_widget_docusaurus PASSED [  8%]
tests/test_client_pipeline_coverage.py::TestAlgoliaWidgetGenerator::test_generate_widget_hugo PASSED [  8%]
tests/test_client_pipeline_coverage.py::TestAlgoliaWidgetGenerator::test_generate_widget_vitepress PASSED [  8%]
tests/test_client_pipeline_coverage.py::TestAlgoliaWidgetGenerator::test_generate_widget_custom PASSED [  8%]
tests/test_client_pipeline_coverage.py::TestAlgoliaWidgetGenerator::test_generate_widget_unknown_generator PASSED [  8%]
tests/test_client_pipeline_coverage.py::TestAlgoliaWidgetGenerator::test_supported_generators_list PASSED [  8%]
tests/test_client_pipeline_coverage.py::TestApplyAlgoliaWidget::test_algolia_widget_creates_setup_script PASSED [  8%]
tests/test_client_pipeline_coverage.py::TestApplyAlgoliaWidget::test_algolia_widget_skips_when_disabled PASSED [  8%]
tests/test_client_pipeline_coverage.py::TestApplyAlgoliaWidget::test_algolia_widget_skips_when_no_script PASSED [  8%]
tests/test_client_pipeline_coverage.py::TestApplyAlgoliaWidget::test_env_checklist_includes_algolia_widget_info PASSED [  8%]
tests/test_client_pipeline_coverage.py::TestWeeklyBatch::test_read_yaml_requires_mapping PASSED [  8%]
tests/test_client_pipeline_coverage.py::TestWeeklyBatch::test_resolve_weekly_base_ref_fallback PASSED [  8%]
tests/test_client_pipeline_coverage.py::TestWeeklyBatch::test_run_shell_behavior PASSED [  8%]
tests/test_client_pipeline_coverage.py::TestWeeklyBatch::test_run_git_sync_executes_fetch_and_pull PASSED [  8%]
tests/test_client_pipeline_coverage.py::TestWeeklyBatch::test_main_code_first_and_custom_tasks PASSED [  8%]
tests/test_client_pipeline_coverage.py::TestWeeklyBatch::test_main_api_first_branch PASSED [  8%]
tests/test_client_pipeline_coverage.py::TestWeeklyBatch::test_main_api_first_versions_branch PASSED [  8%]
tests/test_client_pipeline_coverage.py::TestWeeklyBatch::test_main_api_first_forwards_overrides_and_regression PASSED [  9%]
tests/test_client_pipeline_coverage.py::TestOnboardClient::test_onboard_happy_path PASSED [  9%]
tests/test_client_pipeline_coverage.py::TestValidateOpenApiContract::test_validate_missing_fields PASSED [  9%]
tests/test_client_pipeline_coverage.py::TestValidateOpenApiContract::test_validate_success PASSED [  9%]
tests/test_client_pipeline_coverage.py::TestValidateOpenApiContract::test_main_paths PASSED [  9%]
tests/test_client_pipeline_coverage.py::TestGenerateOpenApiFromPlanningNotes::test_helpers PASSED [  9%]
tests/test_client_pipeline_coverage.py::TestGenerateOpenApiFromPlanningNotes::test_parse_notes_and_main PASSED [  9%]
tests/test_client_pipeline_coverage.py::TestRunApiFirstFlow::test_compact_output_and_helpers PASSED [  9%]
tests/test_client_pipeline_coverage.py::TestRunApiFirstFlow::test_build_sandbox_page_url PASSED [  9%]
tests/test_client_pipeline_coverage.py::TestRunApiFirstFlow::test_sync_playground_sandbox_url PASSED [  9%]
tests/test_client_pipeline_coverage.py::TestRunApiFirstFlow::test_self_verify_stub_coverage PASSED [  9%]
tests/test_client_pipeline_coverage.py::TestRunApiFirstFlow::test_run_and_run_first_available PASSED [  9%]
tests/test_client_pipeline_coverage.py::TestRunApiFirstFlow::test_main_success_with_remediation PASSED [  9%]
tests/test_client_pipeline_coverage.py::TestRunApiFirstFlow::test_main_fail_exit PASSED [  9%]
tests/test_client_pipeline_coverage.py::TestRunApiFirstFlow::test_main_forwards_overrides_and_openapi_version PASSED [  9%]
tests/test_client_pipeline_coverage.py::TestAdditionalZeroCoverageScripts::test_generate_pipeline_capabilities_catalog PASSED [  9%]
tests/test_client_pipeline_coverage.py::TestAdditionalZeroCoverageScripts::test_manage_demo_nav PASSED [  9%]
tests/test_client_pipeline_coverage.py::TestAdditionalZeroCoverageScripts::test_self_verify_scripts PASSED [  9%]
tests/test_client_pipeline_coverage.py::TestAdditionalZeroCoverageScripts::test_require_and_call_json_error_branch PASSED [  9%]
tests/test_client_pipeline_coverage.py::TestGenerateFastApiStubsFromOpenApi::test_helpers PASSED [  9%]
tests/test_client_pipeline_coverage.py::TestGenerateFastApiStubsFromOpenApi::test_walk_fragment PASSED [  9%]
tests/test_client_pipeline_coverage.py::TestGenerateFastApiStubsFromOpenApi::test_build_app_source_and_main PASSED [  9%]
tests/test_client_pipeline_coverage.py::TestApplyOpenApiOverrides::test_deep_merge_and_apply PASSED [  9%]
tests/test_client_pipeline_coverage.py::TestApplyOpenApiOverrides::test_main_validation PASSED [  9%]
tests/test_client_pipeline_coverage.py::TestCheckOpenApiRegression::test_snapshot_update_and_compare PASSED [  9%]
tests/test_client_pipeline_coverage.py::TestBuildAllIntentExperiences::test_load_modules_and_no_combinations PASSED [  9%]
tests/test_client_pipeline_coverage.py::TestBuildAllIntentExperiences::test_main_happy_and_failure PASSED [  9%]
tests/test_client_pipeline_coverage.py::TestConfigureAskAi::test_load_parse_validate_helpers PASSED [ 10%]
tests/test_client_pipeline_coverage.py::TestConfigureAskAi::test_main_modes_and_conflicts PASSED [ 10%]
tests/test_confluence_migration.py::TestConfluenceConverter::test_basic_html_conversion PASSED [ 10%]
tests/test_confluence_migration.py::TestConfluenceConverter::test_code_macro_conversion PASSED [ 10%]
tests/test_confluence_migration.py::TestConfluenceImporter::test_import_export PASSED [ 10%]
tests/test_confluence_migration.py::TestConfluenceImporter::test_missing_entities_xml_raises PASSED [ 10%]
tests/test_confluence_migration.py::TestExpandedPipeline::test_build_checks_returns_14_steps PASSED [ 10%]
tests/test_confluence_migration.py::TestExpandedPipeline::test_quality_enhance_step_present PASSED [ 10%]
tests/test_confluence_migration.py::TestExpandedPipeline::test_use_llm_propagates PASSED [ 10%]
tests/test_confluence_migration.py::TestApiModeArgs::test_api_mode_args_parsed PASSED [ 10%]
tests/test_confluence_migration.py::TestApiModeArgs::test_api_mode_requires_token PASSED [ 10%]
tests/test_confluence_migration.py::TestApiModeArgs::test_api_mode_requires_space_keys PASSED [ 10%]
tests/test_confluence_migration.py::TestConfluenceRunner::test_run_script_generates_reports PASSED [ 10%]
tests/test_confluence_quality_enhancer.py::TestLoadVariables::test_load_from_variables_yml PASSED [ 10%]
tests/test_confluence_quality_enhancer.py::TestLoadVariables::test_missing_file PASSED [ 10%]
tests/test_confluence_quality_enhancer.py::TestLoadAllowedTags::test_parse_mkdocs_tags PASSED [ 10%]
tests/test_confluence_quality_enhancer.py::TestLoadAllowedTags::test_missing_mkdocs PASSED [ 10%]
tests/test_confluence_quality_enhancer.py::TestParseFrontmatter::test_parse_valid_frontmatter PASSED [ 10%]
tests/test_confluence_quality_enhancer.py::TestParseFrontmatter::test_parse_no_frontmatter PASSED [ 10%]
tests/test_confluence_quality_enhancer.py::TestParseFrontmatter::test_serialize_roundtrip PASSED [ 10%]
tests/test_confluence_quality_enhancer.py::TestImproveContentType::test_troubleshooting_keywords PASSED [ 10%]
tests/test_confluence_quality_enhancer.py::TestImproveContentType::test_reference_keywords PASSED [ 10%]
tests/test_confluence_quality_enhancer.py::TestImproveContentType::test_howto_keywords PASSED [ 10%]
tests/test_confluence_quality_enhancer.py::TestImproveContentType::test_tutorial_keywords PASSED [ 10%]
tests/test_confluence_quality_enhancer.py::TestImproveContentType::test_concept_keywords PASSED [ 10%]
tests/test_confluence_quality_enhancer.py::TestImproveContentType::test_keep_current_if_close PASSED [ 10%]
tests/test_confluence_quality_enhancer.py::TestImproveContentType::test_fallback_to_howto PASSED [ 11%]
tests/test_confluence_quality_enhancer.py::TestFixTitle::test_short_title_unchanged PASSED [ 11%]
tests/test_confluence_quality_enhancer.py::TestFixTitle::test_truncate_long_title PASSED [ 11%]
tests/test_confluence_quality_enhancer.py::TestFixTitle::test_strip_trailing_period PASSED [ 11%]
tests/test_confluence_quality_enhancer.py::TestFixTitle::test_truncate_at_word_boundary PASSED [ 11%]
tests/test_confluence_quality_enhancer.py::TestFixTitle::test_empty_title PASSED [ 11%]
tests/test_confluence_quality_enhancer.py::TestFixDescription::test_normal_description PASSED [ 11%]
tests/test_confluence_quality_enhancer.py::TestFixDescription::test_too_short_description PASSED [ 11%]
tests/test_confluence_quality_enhancer.py::TestFixDescription::test_too_long_description PASSED [ 11%]
tests/test_confluence_quality_enhancer.py::TestFixDescription::test_empty_description_generates_from_body PASSED [ 11%]
tests/test_confluence_quality_enhancer.py::TestFixDescription::test_very_short_gets_migration_suffix PASSED [ 11%]
tests/test_confluence_quality_enhancer.py::TestFixTags::test_filter_invalid_tags PASSED [ 11%]
tests/test_confluence_quality_enhancer.py::TestFixTags::test_add_canonical_tag PASSED [ 11%]
tests/test_confluence_quality_enhancer.py::TestFixTags::test_cap_at_8 PASSED [ 11%]
tests/test_confluence_quality_enhancer.py::TestFixTags::test_no_duplicate_tags PASSED [ 11%]
tests/test_confluence_quality_enhancer.py::TestFixTags::test_none_tags PASSED [ 11%]
tests/test_confluence_quality_enhancer.py::TestFixFrontmatter::test_adds_missing_fields PASSED [ 11%]
tests/test_confluence_quality_enhancer.py::TestFixFrontmatter::test_preserves_existing_product PASSED [ 11%]
tests/test_confluence_quality_enhancer.py::TestFixFrontmatter::test_changes_logged PASSED [ 11%]
tests/test_confluence_quality_enhancer.py::TestFixHeadingHierarchy::test_fix_skipped_levels PASSED [ 11%]
tests/test_confluence_quality_enhancer.py::TestFixHeadingHierarchy::test_correct_hierarchy_unchanged PASSED [ 11%]
tests/test_confluence_quality_enhancer.py::TestFixHeadingHierarchy::test_multiple_skips PASSED [ 11%]
tests/test_confluence_quality_enhancer.py::TestFixGenericHeadings::test_replace_overview_for_tutorial PASSED [ 11%]
tests/test_confluence_quality_enhancer.py::TestFixGenericHeadings::test_replace_summary_for_howto PASSED [ 11%]
tests/test_confluence_quality_enhancer.py::TestFixGenericHeadings::test_replace_configuration_default PASSED [ 11%]
tests/test_confluence_quality_enhancer.py::TestFixGenericHeadings::test_h1_not_replaced PASSED [ 11%]
tests/test_confluence_quality_enhancer.py::TestFixGenericHeadings::test_non_generic_heading_preserved PASSED [ 11%]
tests/test_confluence_quality_enhancer.py::TestFixFirstParagraph::test_add_definition_pattern PASSED [ 12%]
tests/test_confluence_quality_enhancer.py::TestFixFirstParagraph::test_already_has_definition PASSED [ 12%]
tests/test_confluence_quality_enhancer.py::TestFixFirstParagraph::test_truncate_long_paragraph PASSED [ 12%]
tests/test_confluence_quality_enhancer.py::TestFixFirstParagraph::test_empty_body PASSED [ 12%]
tests/test_confluence_quality_enhancer.py::TestFixCodeBlocks::test_detect_python PASSED [ 12%]
tests/test_confluence_quality_enhancer.py::TestFixCodeBlocks::test_detect_bash PASSED [ 12%]
tests/test_confluence_quality_enhancer.py::TestFixCodeBlocks::test_detect_yaml PASSED [ 12%]
tests/test_confluence_quality_enhancer.py::TestFixCodeBlocks::test_detect_json PASSED [ 12%]
tests/test_confluence_quality_enhancer.py::TestFixCodeBlocks::test_already_labeled PASSED [ 12%]
tests/test_confluence_quality_enhancer.py::TestFixCodeBlocks::test_undetectable_stays_unlabeled PASSED [ 12%]
tests/test_confluence_quality_enhancer.py::TestFixBlankLines::test_add_blank_before_heading PASSED [ 12%]
tests/test_confluence_quality_enhancer.py::TestFixBlankLines::test_add_blank_before_code_block PASSED [ 12%]
tests/test_confluence_quality_enhancer.py::TestFixBlankLines::test_no_change_when_already_correct PASSED [ 12%]
tests/test_confluence_quality_enhancer.py::TestFixBlankLines::test_skip_inside_code_blocks PASSED [ 12%]
tests/test_confluence_quality_enhancer.py::TestFixOrderedLists::test_normalize_numbered_lists PASSED [ 12%]
tests/test_confluence_quality_enhancer.py::TestFixOrderedLists::test_already_normalized PASSED [ 12%]
tests/test_confluence_quality_enhancer.py::TestFixOrderedLists::test_skip_inside_code_blocks PASSED [ 12%]
tests/test_confluence_quality_enhancer.py::TestReplaceVariables::test_replace_hardcoded_values PASSED [ 12%]
tests/test_confluence_quality_enhancer.py::TestReplaceVariables::test_skip_code_blocks PASSED [ 12%]
tests/test_confluence_quality_enhancer.py::TestReplaceVariables::test_skip_indented_code PASSED [ 12%]
tests/test_confluence_quality_enhancer.py::TestReplaceVariables::test_no_double_replacement PASSED [ 12%]
tests/test_confluence_quality_enhancer.py::TestReplaceVariables::test_empty_var_map PASSED [ 12%]
tests/test_confluence_quality_enhancer.py::TestFixBareUrls::test_wrap_bare_url PASSED [ 12%]
tests/test_confluence_quality_enhancer.py::TestFixBareUrls::test_skip_markdown_links PASSED [ 12%]
tests/test_confluence_quality_enhancer.py::TestFixBareUrls::test_skip_code_blocks PASSED [ 12%]
tests/test_confluence_quality_enhancer.py::TestEnsureNextSteps::test_add_next_steps PASSED [ 12%]
tests/test_confluence_quality_enhancer.py::TestEnsureNextSteps::test_skip_if_already_present PASSED [ 12%]
tests/test_confluence_quality_enhancer.py::TestEnsureNextSteps::test_skip_for_release_notes PASSED [ 13%]
tests/test_confluence_quality_enhancer.py::TestBuildLlmPrompt::test_prompt_contains_title_and_body PASSED [ 13%]
tests/test_confluence_quality_enhancer.py::TestEnhanceWithLlm::test_skips_when_no_provider PASSED [ 13%]
tests/test_confluence_quality_enhancer.py::TestEnhanceWithLlm::test_rejects_drastically_different_length PASSED [ 13%]
tests/test_confluence_quality_enhancer.py::TestEnhanceFile::test_basic_enhancement PASSED [ 13%]
tests/test_confluence_quality_enhancer.py::TestEnhanceFile::test_idempotency PASSED [ 13%]
tests/test_confluence_quality_enhancer.py::TestEnhanceFile::test_unreadable_file PASSED [ 13%]
tests/test_confluence_quality_enhancer.py::TestEnhanceDirectory::test_process_multiple_files PASSED [ 13%]
tests/test_confluence_quality_enhancer.py::TestEnhanceDirectory::test_empty_directory PASSED [ 13%]
tests/test_confluence_quality_enhancer_llm.py::TestFixCodeExamplesLLM::test_skip_when_no_provider PASSED [ 13%]
tests/test_confluence_quality_enhancer_llm.py::TestFixCodeExamplesLLM::test_placeholder_detection PASSED [ 13%]
tests/test_confluence_quality_enhancer_llm.py::TestFixCodeExamplesLLM::test_no_placeholder_no_llm_call PASSED [ 13%]
tests/test_confluence_quality_enhancer_llm.py::TestFixCodeExamplesLLM::test_block_count_mismatch_skips PASSED [ 13%]
tests/test_confluence_quality_enhancer_llm.py::TestFixCodeExamplesLLM::test_llm_error_returns_original PASSED [ 13%]
tests/test_confluence_quality_enhancer_llm.py::TestFixCodeExamplesLLM::test_llm_exception_returns_original PASSED [ 13%]
tests/test_confluence_quality_enhancer_llm.py::TestFixMissingSectionsLLM::test_skip_when_no_provider PASSED [ 13%]
tests/test_confluence_quality_enhancer_llm.py::TestFixMissingSectionsLLM::test_skip_unknown_content_type PASSED [ 13%]
tests/test_confluence_quality_enhancer_llm.py::TestFixMissingSectionsLLM::test_adds_missing_error_handling PASSED [ 13%]
tests/test_confluence_quality_enhancer_llm.py::TestFixMissingSectionsLLM::test_skip_if_sections_present PASSED [ 13%]
tests/test_confluence_quality_enhancer_llm.py::TestFixMissingSectionsLLM::test_reference_type_sections PASSED [ 13%]
tests/test_confluence_quality_enhancer_llm.py::TestFixMissingSectionsLLM::test_llm_error_returns_original PASSED [ 13%]
tests/test_confluence_quality_enhancer_llm.py::TestFixCodeBlockVerification::test_correct_output_unchanged PASSED [ 13%]
tests/test_confluence_quality_enhancer_llm.py::TestFixCodeBlockVerification::test_wrong_output_fixed PASSED [ 13%]
tests/test_confluence_quality_enhancer_llm.py::TestFixCodeBlockVerification::test_skip_do_not_execute PASSED [ 13%]
tests/test_confluence_quality_enhancer_llm.py::TestFixCodeBlockVerification::test_skip_network_calls PASSED [ 13%]
tests/test_confluence_quality_enhancer_llm.py::TestFixCodeBlockVerification::test_skip_subprocess_calls PASSED [ 13%]
tests/test_confluence_quality_enhancer_llm.py::TestFixCodeBlockVerification::test_skip_yaml_blocks PASSED [ 14%]
tests/test_confluence_quality_enhancer_llm.py::TestFixCodeBlockVerification::test_skip_json_blocks PASSED [ 14%]
tests/test_confluence_quality_enhancer_llm.py::TestFixCodeBlockVerification::test_no_output_comment_skipped PASSED [ 14%]
tests/test_confluence_quality_enhancer_llm.py::TestPlaceholderPatterns::test_patterns[x = foo-True] PASSED [ 14%]
tests/test_confluence_quality_enhancer_llm.py::TestPlaceholderPatterns::test_patterns[x = bar-True] PASSED [ 14%]
tests/test_confluence_quality_enhancer_llm.py::TestPlaceholderPatterns::test_patterns[url = 'https://example.com'-True] PASSED [ 14%]
tests/test_confluence_quality_enhancer_llm.py::TestPlaceholderPatterns::test_patterns[key = 'test123'-True] PASSED [ 14%]
tests/test_confluence_quality_enhancer_llm.py::TestPlaceholderPatterns::test_patterns[token = YOUR_API_KEY-True] PASSED [ 14%]
tests/test_confluence_quality_enhancer_llm.py::TestPlaceholderPatterns::test_patterns[api_key = 'sk_live_real'-False] PASSED [ 14%]
tests/test_confluence_quality_enhancer_llm.py::TestPlaceholderPatterns::test_patterns[amount = 2000-False] PASSED [ 14%]
tests/test_confluence_quality_enhancer_llm.py::TestEssentialSections::test_howto_has_expected PASSED [ 14%]
tests/test_confluence_quality_enhancer_llm.py::TestEssentialSections::test_reference_has_expected PASSED [ 14%]
tests/test_confluence_quality_enhancer_llm.py::TestEssentialSections::test_concept_has_expected PASSED [ 14%]
tests/test_confluence_rest_client.py::TestConfluenceConfig::test_defaults PASSED [ 14%]
tests/test_confluence_rest_client.py::TestConfluenceConfig::test_trailing_slash_stripped PASSED [ 14%]
tests/test_confluence_rest_client.py::TestConfluenceConfig::test_missing_base_url_raises PASSED [ 14%]
tests/test_confluence_rest_client.py::TestConfluenceConfig::test_missing_token_raises PASSED [ 14%]
tests/test_confluence_rest_client.py::TestSyncState::test_load_save_roundtrip PASSED [ 14%]
tests/test_confluence_rest_client.py::TestSyncState::test_load_missing_file PASSED [ 14%]
tests/test_confluence_rest_client.py::TestSyncState::test_load_no_sync_file_configured PASSED [ 14%]
tests/test_confluence_rest_client.py::TestSyncState::test_save_no_sync_file_configured PASSED [ 14%]
tests/test_confluence_rest_client.py::TestBuildHeaders::test_cloud_basic_auth PASSED [ 14%]
tests/test_confluence_rest_client.py::TestBuildHeaders::test_server_bearer_token PASSED [ 14%]
tests/test_confluence_rest_client.py::TestApiVersionDetection::test_explicit_version PASSED [ 14%]
tests/test_confluence_rest_client.py::TestApiVersionDetection::test_v2_detected PASSED [ 14%]
tests/test_confluence_rest_client.py::TestApiVersionDetection::test_v1_fallback PASSED [ 14%]
tests/test_confluence_rest_client.py::TestApiVersionDetection::test_both_fail PASSED [ 14%]
tests/test_confluence_rest_client.py::TestFetchPages::test_single_page_v1 PASSED [ 15%]
tests/test_confluence_rest_client.py::TestFetchPages::test_pagination_v1 PASSED [ 15%]
tests/test_confluence_rest_client.py::TestFetchPages::test_incremental_with_since_v1 PASSED [ 15%]
tests/test_confluence_rest_client.py::TestFetchPages::test_v2_space_resolution PASSED [ 15%]
tests/test_confluence_rest_client.py::TestFetchPages::test_v2_space_not_found PASSED [ 15%]
tests/test_confluence_rest_client.py::TestFetchAttachments::test_download_to_output_dir PASSED [ 15%]
tests/test_confluence_rest_client.py::TestFetchAttachments::test_skip_on_download_error PASSED [ 15%]
tests/test_confluence_rest_client.py::TestRetryLogic::test_retry_on_429 PASSED [ 15%]
tests/test_confluence_rest_client.py::TestRetryLogic::test_retry_on_500 PASSED [ 15%]
tests/test_confluence_rest_client.py::TestRetryLogic::test_max_retries_exceeded PASSED [ 15%]
tests/test_confluence_rest_client.py::TestFetchAndImport::test_end_to_end PASSED [ 15%]
tests/test_confluence_rest_client.py::TestFetchAndImport::test_incremental_skips_unchanged PASSED [ 15%]
tests/test_confluence_rest_client.py::TestOutputStructure::test_fetch_result_defaults PASSED [ 15%]
tests/test_confluence_rest_client.py::TestOutputStructure::test_safe_filename PASSED [ 15%]
tests/test_confluence_rest_client.py::TestOutputStructure::test_guess_content_type PASSED [ 15%]
tests/test_confluence_rest_client.py::TestOutputStructure::test_build_frontmatter PASSED [ 15%]
tests/test_confluence_rest_client.py::TestOutputStructure::test_make_summary_short_content PASSED [ 15%]
tests/test_confluence_rest_client.py::TestOutputStructure::test_context_manager PASSED [ 15%]
tests/test_consolidate_reports.py::TestNextId::test_generates_sequential_ids PASSED [ 15%]
tests/test_consolidate_reports.py::TestReadJson::test_reads_valid_json PASSED [ 15%]
tests/test_consolidate_reports.py::TestReadJson::test_returns_none_for_missing_file PASSED [ 15%]
tests/test_consolidate_reports.py::TestReadJson::test_returns_none_for_invalid_json PASSED [ 15%]
tests/test_consolidate_reports.py::TestProcessGaps::test_processes_gaps_report PASSED [ 15%]
tests/test_consolidate_reports.py::TestProcessGaps::test_missing_gaps_report PASSED [ 15%]
tests/test_consolidate_reports.py::TestProcessDrift::test_drift_ok_creates_no_items PASSED [ 15%]
tests/test_consolidate_reports.py::TestProcessDrift::test_drift_detected_creates_action_items PASSED [ 15%]
tests/test_consolidate_reports.py::TestProcessDrift::test_missing_drift_report PASSED [ 16%]
tests/test_consolidate_reports.py::TestProcessKpi::test_processes_kpi_report PASSED [ 16%]
tests/test_consolidate_reports.py::TestProcessKpi::test_no_stale_files_produces_no_items PASSED [ 16%]
tests/test_consolidate_reports.py::TestProcessKpi::test_missing_kpi_report PASSED [ 16%]
tests/test_consolidate_reports.py::TestProcessSla::test_sla_ok_creates_no_items PASSED [ 16%]
tests/test_consolidate_reports.py::TestProcessSla::test_sla_breach_creates_action_items PASSED [ 16%]
tests/test_consolidate_reports.py::TestProcessSla::test_missing_sla_report PASSED [ 16%]
tests/test_consolidate_reports.py::TestCrossReferenceDrift::test_annotates_gap_items_overlapping_drift PASSED [ 16%]
tests/test_consolidate_reports.py::TestCrossReferenceDrift::test_no_annotation_when_no_drift PASSED [ 16%]
tests/test_consolidate_reports.py::TestConsolidate::test_full_consolidation PASSED [ 16%]
tests/test_consolidate_reports.py::TestConsolidate::test_consolidation_includes_retrieval_and_graph PASSED [ 16%]
tests/test_consolidate_reports.py::TestConsolidate::test_consolidation_with_all_missing_reports PASSED [ 16%]
tests/test_consolidate_reports.py::TestProcessDocsContract::test_emits_only_new_or_changed_items PASSED [ 16%]
tests/test_consolidate_reports.py::TestProcessDocsContract::test_closed_and_deduplicated_mismatches PASSED [ 16%]
tests/test_consolidate_reports.py::TestSave::test_save_writes_json_file PASSED [ 16%]
tests/test_consolidate_reports.py::TestPrintSummary::test_prints_without_error PASSED [ 16%]
tests/test_coverage_boost.py::TestCodeAnalyzerPatterns::test_detects_config_option PASSED [ 16%]
tests/test_coverage_boost.py::TestCodeAnalyzerPatterns::test_detects_cli_command PASSED [ 16%]
tests/test_coverage_boost.py::TestCodeAnalyzerPatterns::test_detects_webhook_pattern PASSED [ 16%]
tests/test_coverage_boost.py::TestCodeAnalyzerPatterns::test_should_ignore_test_files PASSED [ 16%]
tests/test_coverage_boost.py::TestCodeAnalyzerPatterns::test_map_all_statuses PASSED [ 16%]
tests/test_coverage_boost.py::TestCodeAnalyzerPatterns::test_analyze_commit_docs_type PASSED [ 16%]
tests/test_coverage_boost.py::TestGapAggregatorExcel::test_write_gaps_sheet PASSED [ 16%]
tests/test_coverage_boost.py::TestGapAggregatorExcel::test_write_by_source_sheet PASSED [ 16%]
tests/test_coverage_boost.py::TestGapAggregatorExcel::test_save_to_excel PASSED [ 16%]
tests/test_coverage_boost.py::TestMarkdownConverter::test_convert_admonitions_to_docusaurus PASSED [ 16%]
tests/test_coverage_boost.py::TestMarkdownConverter::test_convert_tabs_to_docusaurus PASSED [ 16%]
tests/test_coverage_boost.py::TestMarkdownConverter::test_convert_to_mkdocs PASSED [ 17%]
tests/test_coverage_boost.py::TestMarkdownConverter::test_convert_frontmatter_preserved PASSED [ 17%]
tests/test_coverage_boost.py::TestSiteGenerator::test_mkdocs_detection PASSED [ 17%]
tests/test_coverage_boost.py::TestSiteGenerator::test_url_building_mkdocs PASSED [ 17%]
tests/test_coverage_boost.py::TestSiteGenerator::test_url_building_index PASSED [ 17%]
tests/test_coverage_boost.py::TestApiSdkDriftDeep::test_evaluate_with_only_openapi PASSED [ 17%]
tests/test_coverage_boost.py::TestApiSdkDriftDeep::test_evaluate_with_docs_only PASSED [ 17%]
tests/test_coverage_boost.py::TestApiSdkDriftDeep::test_evaluate_empty_files PASSED [ 17%]
tests/test_coverage_boost.py::TestKpiSlaDeep::test_evaluate_stale_breach_only PASSED [ 17%]
tests/test_coverage_boost.py::TestKpiSlaDeep::test_evaluate_quality_drop_breach PASSED [ 17%]
tests/test_coverage_boost.py::TestKpiSlaDeep::test_render_markdown_ok PASSED [ 17%]
tests/test_coverage_boost.py::TestDocsContractDeep::test_load_policy_pack_empty_interface PASSED [ 17%]
tests/test_coverage_boost.py::TestDocsContractDeep::test_load_policy_pack_empty_docs PASSED [ 17%]
tests/test_coverage_boost.py::TestDocsContractDeep::test_evaluate_sdk_change_blocked PASSED [ 17%]
tests/test_coverage_boost.py::TestReleaseDocsPackDeep::test_build_release_pack_no_version PASSED [ 17%]
tests/test_coverage_boost.py::TestReleaseDocsPackDeep::test_section_formats_commits PASSED [ 17%]
tests/test_coverage_boost.py::TestBatchGeneratorDeep::test_generate_from_template PASSED [ 17%]
tests/test_coverage_boost.py::TestBatchGeneratorDeep::test_save_claude_command PASSED [ 17%]
tests/test_coverage_boost.py::TestLintCodeSnippetsDeep::test_lint_javascript_valid PASSED [ 17%]
tests/test_coverage_boost.py::TestLintCodeSnippetsDeep::test_lint_javascript_invalid PASSED [ 17%]
tests/test_coverage_boost.py::TestLintCodeSnippetsDeep::test_lint_go_missing_binary PASSED [ 17%]
tests/test_coverage_boost.py::TestLintCodeSnippetsDeep::test_linters_dict_has_all_aliases PASSED [ 17%]
tests/test_coverage_boost.py::TestLintCodeSnippetsDeep::test_skip_languages_comprehensive PASSED [ 17%]
tests/test_coverage_boost.py::TestKpiWallDeep::test_load_before_after_note PASSED [ 17%]
tests/test_coverage_boost.py::TestKpiWallDeep::test_load_before_after_note_missing PASSED [ 17%]
tests/test_coverage_boost.py::TestKpiWallDeep::test_extract_frontmatter_private PASSED [ 17%]
tests/test_coverage_boost.py::TestKpiWallDeep::test_extract_frontmatter_no_yaml PASSED [ 17%]
tests/test_coverage_boost.py::TestSeoGeoOptimizerDeep::test_seo_validate_url_depth PASSED [ 18%]
tests/test_coverage_boost.py::TestSeoGeoOptimizerDeep::test_seo_validate_no_structured_data PASSED [ 18%]
tests/test_coverage_boost.py::TestSeoGeoOptimizerDeep::test_geo_low_fact_density PASSED [ 18%]
tests/test_coverage_boost.py::TestSeoGeoOptimizerDeep::test_optimize_file_with_fix PASSED [ 18%]
tests/test_coverage_boost.py::TestFacetsIndexDeep::test_build_url_from_path_index PASSED [ 18%]
tests/test_coverage_boost.py::TestFacetsIndexDeep::test_build_url_from_path_regular PASSED [ 18%]
tests/test_coverage_boost.py::TestFacetsIndexDeep::test_build_url_from_path_root_index PASSED [ 18%]
tests/test_coverage_boost_autopipeline_tools.py::test_roi_calculator_estimate_and_main_json PASSED [ 18%]
tests/test_coverage_boost_autopipeline_tools.py::test_retrieval_gate_mode_selection PASSED [ 18%]
tests/test_coverage_boost_autopipeline_tools.py::test_production_smoke_helpers PASSED [ 18%]
tests/test_coverage_boost_autopipeline_tools.py::test_production_smoke_auth_token PASSED [ 18%]
tests/test_coverage_boost_autopipeline_tools.py::test_production_smoke_auth_token_failures PASSED [ 18%]
tests/test_coverage_boost_autopipeline_tools.py::test_docsops_generate_policy_and_security PASSED [ 18%]
tests/test_coverage_boost_autopipeline_tools.py::test_docsops_generate_loaders_and_parsing PASSED [ 18%]
tests/test_coverage_boost_autopipeline_tools.py::test_docsops_generate_run_local_and_cmd_generate PASSED [ 18%]
tests/test_coverage_boost_autopipeline_tools.py::test_docsops_generate_local_cli_fallbacks PASSED [ 18%]
tests/test_coverage_boost_autopipeline_tools.py::test_docsops_generate_runtime_resolution_and_main PASSED [ 18%]
tests/test_coverage_boost_autopipeline_tools.py::test_docsops_generate_cmd_generate_edge_paths PASSED [ 18%]
tests/test_coverage_boost_autopipeline_tools.py::test_protocol_server_stubs_internal_helpers_and_main PASSED [ 18%]
tests/test_coverage_boost_autopipeline_tools.py::test_retrieval_gate_import_fallback PASSED [ 18%]
tests/test_coverage_boost_autopipeline_tools.py::test_retrieval_gate_import_success PASSED [ 18%]
tests/test_coverage_boost_autopipeline_tools.py::test_protocol_server_stubs_runs_as_main PASSED [ 18%]
tests/test_coverage_boost_autopipeline_tools.py::test_run_acme_demo_full_helpers PASSED [ 18%]
tests/test_coverage_boost_autopipeline_tools.py::test_run_acme_demo_full_default_runtime PASSED [ 18%]
tests/test_coverage_boost_core_stage4.py::test_api_app_core_routes_and_helpers PASSED [ 18%]
tests/test_coverage_boost_core_stage4.py::test_doc_worker_validations_and_main_paths PASSED [ 18%]
tests/test_coverage_boost_core_stage4.py::test_pattern_store_crud PASSED [ 19%]
tests/test_coverage_boost_core_stage4.py::test_orchestrator_plan_and_retry_paths PASSED [ 19%]
tests/test_coverage_boost_core_stage4.py::test_llm_provider_and_executor_paths PASSED [ 19%]
tests/test_coverage_boost_core_stage4.py::test_pipeline_tasks_run_paths PASSED [ 19%]
tests/test_coverage_boost_round2.py::TestProvisionPromptWithDefault::test_returns_user_input PASSED [ 19%]
tests/test_coverage_boost_round2.py::TestProvisionPromptWithDefault::test_returns_default_on_empty PASSED [ 19%]
tests/test_coverage_boost_round2.py::TestProvisionPromptWithDefault::test_raises_when_no_default_and_empty PASSED [ 19%]
tests/test_coverage_boost_round2.py::TestProvisionPromptWithDefault::test_strips_whitespace PASSED [ 19%]
tests/test_coverage_boost_round2.py::TestProvisionPromptChoice::test_valid_choice_first_try PASSED [ 19%]
tests/test_coverage_boost_round2.py::TestProvisionPromptChoice::test_invalid_then_valid PASSED [ 19%]
tests/test_coverage_boost_round2.py::TestProvisionPromptChoice::test_default_on_empty PASSED [ 19%]
tests/test_coverage_boost_round2.py::TestProvisionPromptYesNo::test_default_yes PASSED [ 19%]
tests/test_coverage_boost_round2.py::TestProvisionPromptYesNo::test_default_no PASSED [ 19%]
tests/test_coverage_boost_round2.py::TestProvisionPromptYesNo::test_explicit_yes PASSED [ 19%]
tests/test_coverage_boost_round2.py::TestProvisionPromptYesNo::test_explicit_no PASSED [ 19%]
tests/test_coverage_boost_round2.py::TestProvisionPromptCsv::test_returns_parsed_csv PASSED [ 19%]
tests/test_coverage_boost_round2.py::TestProvisionPromptCsv::test_returns_default_on_empty PASSED [ 19%]
tests/test_coverage_boost_round2.py::TestProvisionSlugify::test_basic_slugify PASSED [ 19%]
tests/test_coverage_boost_round2.py::TestProvisionSlugify::test_collapses_dashes PASSED [ 19%]
tests/test_coverage_boost_round2.py::TestProvisionSlugify::test_strips_leading_trailing_dashes PASSED [ 19%]
tests/test_coverage_boost_round2.py::TestProvisionSlugify::test_empty_string PASSED [ 19%]
tests/test_coverage_boost_round2.py::TestProvisionDeepMerge::test_shallow_merge PASSED [ 19%]
tests/test_coverage_boost_round2.py::TestProvisionDeepMerge::test_nested_merge PASSED [ 19%]
tests/test_coverage_boost_round2.py::TestProvisionDeepMerge::test_override_replaces_non_dict PASSED [ 19%]
tests/test_coverage_boost_round2.py::TestProvisionDotenv::test_read_dotenv_parses_values PASSED [ 19%]
tests/test_coverage_boost_round2.py::TestProvisionDotenv::test_read_dotenv_missing_file PASSED [ 19%]
tests/test_coverage_boost_round2.py::TestProvisionDotenv::test_read_dotenv_skips_invalid_lines PASSED [ 19%]
tests/test_coverage_boost_round2.py::TestProvisionDotenv::test_write_dotenv PASSED [ 20%]
tests/test_coverage_boost_round2.py::TestProvisionGitignore::test_creates_gitignore_if_missing PASSED [ 20%]
tests/test_coverage_boost_round2.py::TestProvisionGitignore::test_skips_if_already_present PASSED [ 20%]
tests/test_coverage_boost_round2.py::TestProvisionGitignore::test_appends_with_blank_line PASSED [ 20%]
tests/test_coverage_boost_round2.py::TestProvisionCopyBundle::test_copies_bundle PASSED [ 20%]
tests/test_coverage_boost_round2.py::TestProvisionCopyBundle::test_overwrites_existing PASSED [ 20%]
tests/test_coverage_boost_round2.py::TestProvisionSchedulerInstall::test_none_mode_does_nothing PASSED [ 20%]
tests/test_coverage_boost_round2.py::TestProvisionSchedulerInstall::test_unsupported_mode_raises PASSED [ 20%]
tests/test_coverage_boost_round2.py::TestProvisionSchedulerInstall::test_linux_mode_calls_bash PASSED [ 20%]
tests/test_coverage_boost_round2.py::TestProvisionSchedulerInstall::test_windows_mode_calls_powershell PASSED [ 20%]
tests/test_coverage_boost_round2.py::TestProvisionResolveArgs::test_returns_args_when_complete PASSED [ 20%]
tests/test_coverage_boost_round2.py::TestProvisionResolveArgs::test_raises_when_non_tty_and_missing_args PASSED [ 20%]
tests/test_coverage_boost_round2.py::TestProvisionLoadYamlMapping::test_loads_valid_yaml PASSED [ 20%]
tests/test_coverage_boost_round2.py::TestProvisionLoadYamlMapping::test_raises_on_non_mapping PASSED [ 20%]
tests/test_coverage_boost_round2.py::TestProvisionLoadYamlMapping::test_empty_yaml_returns_empty_dict PASSED [ 20%]
tests/test_coverage_boost_round2.py::TestProvisionSaveGeneratedProfile::test_saves_profile_yaml PASSED [ 20%]
tests/test_coverage_boost_round2.py::TestMultilangCurlParsing::test_simple_get PASSED [ 20%]
tests/test_coverage_boost_round2.py::TestMultilangCurlParsing::test_post_with_data PASSED [ 20%]
tests/test_coverage_boost_round2.py::TestMultilangCurlParsing::test_multiline_curl PASSED [ 20%]
tests/test_coverage_boost_round2.py::TestMultilangCurlParsing::test_returns_none_for_non_curl PASSED [ 20%]
tests/test_coverage_boost_round2.py::TestMultilangCurlParsing::test_returns_none_for_no_url PASSED [ 20%]
tests/test_coverage_boost_round2.py::TestMultilangCurlParsing::test_data_raw_flag PASSED [ 20%]
tests/test_coverage_boost_round2.py::TestMultilangRenderTabs::test_renders_three_tabs PASSED [ 20%]
tests/test_coverage_boost_round2.py::TestMultilangRenderTabs::test_renders_json_body PASSED [ 20%]
tests/test_coverage_boost_round2.py::TestMultilangRenderTabs::test_renders_non_json_body PASSED [ 20%]
tests/test_coverage_boost_round2.py::TestMultilangRenderTabs::test_renders_headers PASSED [ 20%]
tests/test_coverage_boost_round2.py::TestMultilangTransformMarkdown::test_replaces_curl_block_in_all_scope PASSED [ 20%]
tests/test_coverage_boost_round2.py::TestMultilangTransformMarkdown::test_skips_non_api_in_api_scope PASSED [ 21%]
tests/test_coverage_boost_round2.py::TestMultilangTransformMarkdown::test_transforms_api_file_in_api_scope PASSED [ 21%]
tests/test_coverage_boost_round2.py::TestMultilangTransformMarkdown::test_preserves_non_curl_bash_blocks PASSED [ 21%]
tests/test_coverage_boost_round2.py::TestMultilangTransformMarkdown::test_indented_code_blocks_are_skipped PASSED [ 21%]
tests/test_coverage_boost_round2.py::TestMultilangIsApiLikeDoc::test_api_in_name PASSED [ 21%]
tests/test_coverage_boost_round2.py::TestMultilangIsApiLikeDoc::test_reference_with_api_in_path PASSED [ 21%]
tests/test_coverage_boost_round2.py::TestMultilangIsApiLikeDoc::test_non_api_doc PASSED [ 21%]
tests/test_coverage_boost_round2.py::TestMultilangPyLiteral::test_none_literal PASSED [ 21%]
tests/test_coverage_boost_round2.py::TestMultilangPyLiteral::test_dict_literal PASSED [ 21%]
tests/test_coverage_boost_round2.py::TestRetrievalTokenize::test_tokenizes_text PASSED [ 21%]
tests/test_coverage_boost_round2.py::TestRetrievalTokenize::test_empty_text PASSED [ 21%]
tests/test_coverage_boost_round2.py::TestRetrievalLoadIndex::test_loads_valid_index PASSED [ 21%]
tests/test_coverage_boost_round2.py::TestRetrievalLoadIndex::test_raises_on_non_list PASSED [ 21%]
tests/test_coverage_boost_round2.py::TestRetrievalLoadIndex::test_skips_items_without_id PASSED [ 21%]
tests/test_coverage_boost_round2.py::TestRetrievalLoadDataset::test_loads_valid_dataset PASSED [ 21%]
tests/test_coverage_boost_round2.py::TestRetrievalLoadDataset::test_raises_on_non_list PASSED [ 21%]
tests/test_coverage_boost_round2.py::TestRetrievalLoadDataset::test_skips_invalid_items PASSED [ 21%]
tests/test_coverage_boost_round2.py::TestRetrievalBuildAutoDataset::test_builds_from_index PASSED [ 21%]
tests/test_coverage_boost_round2.py::TestRetrievalBuildAutoDataset::test_respects_limit PASSED [ 21%]
tests/test_coverage_boost_round2.py::TestRetrievalEvaluate::test_empty_dataset_returns_error PASSED [ 21%]
tests/test_coverage_boost_round2.py::TestRetrievalEvaluate::test_perfect_retrieval PASSED [ 21%]
tests/test_coverage_boost_round2.py::TestRetrievalEvaluate::test_custom_search_fn PASSED [ 21%]
tests/test_coverage_boost_round2.py::TestRetrievalEvaluate::test_hallucination_detection PASSED [ 21%]
tests/test_coverage_boost_round2.py::TestRetrievalScoreQuery::test_score_with_overlap PASSED [ 21%]
tests/test_coverage_boost_round2.py::TestRetrievalScoreQuery::test_score_no_overlap PASSED [ 21%]
tests/test_coverage_boost_round2.py::TestRetrievalSearchToken::test_returns_ranked_results PASSED [ 21%]
tests/test_coverage_boost_round2.py::TestRetrievalRRF::test_fuses_two_rankings PASSED [ 22%]
tests/test_coverage_boost_round2.py::TestRetrievalRRF::test_empty_rankings PASSED [ 22%]
tests/test_coverage_boost_round2.py::TestRetrievalRunSingleMode::test_token_mode PASSED [ 22%]
tests/test_coverage_boost_round2.py::TestRetrievalRunSingleMode::test_semantic_mode_without_key PASSED [ 22%]
tests/test_coverage_boost_round2.py::TestRetrievalRunSingleMode::test_hybrid_mode_without_key PASSED [ 22%]
tests/test_coverage_boost_round2.py::TestRetrievalRunSingleMode::test_hybrid_rerank_without_key PASSED [ 22%]
tests/test_coverage_boost_round2.py::TestProtocolAdapterSource::test_rest_source PASSED [ 22%]
tests/test_coverage_boost_round2.py::TestProtocolAdapterSource::test_graphql_source PASSED [ 22%]
tests/test_coverage_boost_round2.py::TestProtocolAdapterSource::test_grpc_source_with_list PASSED [ 22%]
tests/test_coverage_boost_round2.py::TestProtocolAdapterSource::test_grpc_source_empty_list PASSED [ 22%]
tests/test_coverage_boost_round2.py::TestProtocolAdapterSource::test_asyncapi_source PASSED [ 22%]
tests/test_coverage_boost_round2.py::TestProtocolAdapterSource::test_websocket_source PASSED [ 22%]
tests/test_coverage_boost_round2.py::TestProtocolAdapterSource::test_unsupported_raises PASSED [ 22%]
tests/test_coverage_boost_round2.py::TestProtocolAdapterNotesPath::test_graphql_notes PASSED [ 22%]
tests/test_coverage_boost_round2.py::TestProtocolAdapterNotesPath::test_grpc_notes PASSED [ 22%]
tests/test_coverage_boost_round2.py::TestProtocolAdapterNotesPath::test_asyncapi_notes PASSED [ 22%]
tests/test_coverage_boost_round2.py::TestProtocolAdapterNotesPath::test_websocket_notes PASSED [ 22%]
tests/test_coverage_boost_round2.py::TestProtocolAdapterNotesPath::test_rest_notes PASSED [ 22%]
tests/test_coverage_boost_round2.py::TestProtocolAdapterCodeFirstExport::test_graphql_export PASSED [ 22%]
tests/test_coverage_boost_round2.py::TestProtocolAdapterCodeFirstExport::test_grpc_export PASSED [ 22%]
tests/test_coverage_boost_round2.py::TestProtocolAdapterCodeFirstExport::test_asyncapi_export PASSED [ 22%]
tests/test_coverage_boost_round2.py::TestProtocolAdapterCodeFirstExport::test_rest_export_empty PASSED [ 22%]
tests/test_coverage_boost_round2.py::TestProtocolAdapterMaybeGenerateFromNotes::test_rest_returns_none PASSED [ 22%]
tests/test_coverage_boost_round2.py::TestProtocolAdapterMaybeGenerateFromNotes::test_skips_when_disabled PASSED [ 22%]
tests/test_coverage_boost_round2.py::TestProtocolAdapterMaybeGenerateFromNotes::test_skips_when_source_exists PASSED [ 22%]
tests/test_coverage_boost_round2.py::TestProtocolAdapterMaybeGenerateFromNotes::test_returns_failure_when_notes_missing PASSED [ 22%]
tests/test_coverage_boost_round2.py::TestProtocolAdapterRegression::test_bootstrap_on_rc2 PASSED [ 22%]
tests/test_coverage_boost_round2.py::TestMultiProtocolHttpToWs::test_https_to_wss PASSED [ 23%]
tests/test_coverage_boost_round2.py::TestMultiProtocolHttpToWs::test_http_to_ws PASSED [ 23%]
tests/test_coverage_boost_round2.py::TestMultiProtocolHttpToWs::test_strips_v1_suffix PASSED [ 23%]
tests/test_coverage_boost_round2.py::TestMultiProtocolHttpToWs::test_invalid_url_returns_empty PASSED [ 23%]
tests/test_coverage_boost_round2.py::TestMultiProtocolWriteReport::test_writes_json_report PASSED [ 23%]
tests/test_coverage_boost_round2.py::TestMultiProtocolResultToJson::test_converts_stage_result PASSED [ 23%]
tests/test_coverage_boost_round2.py::TestFinalizeAskConfirmation::test_cli_fallback_yes PASSED [ 23%]
tests/test_coverage_boost_round2.py::TestFinalizeAskConfirmation::test_cli_fallback_no PASSED [ 23%]
tests/test_coverage_boost_round2.py::TestFinalizeAskConfirmation::test_cli_fallback_empty PASSED [ 23%]
tests/test_coverage_boost_round2.py::TestFinalizeAskConfirmation::test_cli_fallback_invalid_then_yes PASSED [ 23%]
tests/test_coverage_boost_round2.py::TestFinalizeAskConfirmation::test_zenity_probe_success PASSED [ 23%]
tests/test_coverage_boost_round2.py::TestFinalizeAskConfirmation::test_zenity_probe_skipped_on_windows PASSED [ 23%]
tests/test_coverage_boost_round2.py::TestFinalizeAskConfirmation::test_zenity_probe_skipped_when_off PASSED [ 23%]
tests/test_coverage_boost_round2.py::TestFinalizeAskConfirmation::test_gui_probe_exception_on_mode PASSED [ 23%]
tests/test_coverage_boost_round2.py::TestFinalizeMergeConfig::test_cli_defaults PASSED [ 23%]
tests/test_coverage_boost_round2.py::TestFinalizeMergeConfig::test_runtime_config_overrides PASSED [ 23%]
tests/test_coverage_boost_round2.py::TestFinalizeLoadConfig::test_returns_empty_when_none PASSED [ 23%]
tests/test_coverage_boost_round2.py::TestFinalizeLoadConfig::test_returns_empty_when_missing PASSED [ 23%]
tests/test_coverage_boost_round2.py::TestFinalizeLoadConfig::test_loads_finalize_gate_section PASSED [ 23%]
tests/test_coverage_boost_round2.py::TestFinalizeFormatCommand::test_formats_placeholders PASSED [ 23%]
tests/test_coverage_boost_round2.py::TestFinalizeSafeGitAdd::test_adds_existing_paths PASSED [ 23%]
tests/test_coverage_boost_round2.py::TestFinalizeSafeGitAdd::test_skips_when_nothing_exists PASSED [ 23%]
tests/test_coverage_boost_round2.py::TestFinalizeDefaultAutoFixCommands::test_returns_two_commands PASSED [ 23%]
tests/test_coverage_boost_round2.py::TestKpiScoreColor::test_green_for_high PASSED [ 23%]
tests/test_coverage_boost_round2.py::TestKpiScoreColor::test_yellow_for_mid PASSED [ 23%]
tests/test_coverage_boost_round2.py::TestKpiScoreColor::test_red_for_low PASSED [ 23%]
tests/test_coverage_boost_round2.py::TestKpiScoreGrade::test_grade_a PASSED [ 24%]
tests/test_coverage_boost_round2.py::TestKpiScoreGrade::test_grade_b PASSED [ 24%]
tests/test_coverage_boost_round2.py::TestKpiScoreGrade::test_grade_c PASSED [ 24%]
tests/test_coverage_boost_round2.py::TestKpiScoreGrade::test_grade_d PASSED [ 24%]
tests/test_coverage_boost_round2.py::TestKpiScoreGrade::test_grade_f PASSED [ 24%]
tests/test_coverage_boost_round2.py::TestKpiStaleColor::test_green_low_stale PASSED [ 24%]
tests/test_coverage_boost_round2.py::TestKpiStaleColor::test_yellow_mid_stale PASSED [ 24%]
tests/test_coverage_boost_round2.py::TestKpiStaleColor::test_red_high_stale PASSED [ 24%]
tests/test_coverage_boost_round2.py::TestKpiGapColor::test_green_zero_gaps PASSED [ 24%]
tests/test_coverage_boost_round2.py::TestKpiGapColor::test_yellow_few_gaps PASSED [ 24%]
tests/test_coverage_boost_round2.py::TestKpiGapColor::test_red_many_gaps PASSED [ 24%]
tests/test_coverage_boost_round2.py::TestKpiMetaColor::test_green_high_meta PASSED [ 24%]
tests/test_coverage_boost_round2.py::TestKpiMetaColor::test_yellow_mid_meta PASSED [ 24%]
tests/test_coverage_boost_round2.py::TestKpiMetaColor::test_red_low_meta PASSED [ 24%]
tests/test_coverage_boost_round2.py::TestKpiComputeQualityScore::test_perfect_score PASSED [ 24%]
tests/test_coverage_boost_round2.py::TestKpiComputeQualityScore::test_low_metadata_reduces_score PASSED [ 24%]
tests/test_coverage_boost_round2.py::TestKpiComputeQualityScore::test_high_stale_reduces_score PASSED [ 24%]
tests/test_coverage_boost_round2.py::TestKpiComputeQualityScore::test_gaps_reduce_score PASSED [ 24%]
tests/test_coverage_boost_round2.py::TestKpiComputeQualityScore::test_score_clamped_to_0 PASSED [ 24%]
tests/test_coverage_boost_round2.py::TestKpiRenderMarkdownI18n::test_includes_i18n_section PASSED [ 24%]
tests/test_coverage_boost_round2.py::TestKpiRenderMarkdownI18n::test_no_i18n_section PASSED [ 24%]
tests/test_coverage_boost_round2.py::TestKpiRenderDashboardHtml::test_generates_valid_html PASSED [ 24%]
tests/test_coverage_boost_round2.py::TestKpiLoadGapMetrics::test_loads_gap_counts PASSED [ 24%]
tests/test_coverage_boost_round2.py::TestKpiLoadGapMetrics::test_missing_file_returns_zeros PASSED [ 24%]
tests/test_coverage_boost_round2.py::TestKpiLoadGapMetrics::test_invalid_json_returns_zeros PASSED [ 24%]
tests/test_coverage_boost_round2.py::TestKpiLoadGapMetrics::test_non_list_gaps_returns_zeros PASSED [ 24%]
tests/test_coverage_boost_round2.py::TestKpiLoadBeforeAfterNote::test_missing_files PASSED [ 24%]
tests/test_coverage_boost_round2.py::TestKpiLoadBeforeAfterNote::test_valid_before_after PASSED [ 25%]
tests/test_coverage_boost_round2.py::TestKpiLoadBeforeAfterNote::test_increased_debt PASSED [ 25%]
tests/test_coverage_boost_round2.py::TestKpiLoadBeforeAfterNote::test_corrupt_files PASSED [ 25%]
tests/test_coverage_boost_round2.py::TestKpiExtractFrontmatter::test_valid_frontmatter PASSED [ 25%]
tests/test_coverage_boost_round2.py::TestKpiExtractFrontmatter::test_no_frontmatter PASSED [ 25%]
tests/test_coverage_boost_round2.py::TestKpiExtractFrontmatter::test_incomplete_frontmatter PASSED [ 25%]
tests/test_coverage_boost_round2.py::TestKpiExtractFrontmatter::test_non_dict_frontmatter PASSED [ 25%]
tests/test_coverage_boost_round2.py::TestKpiParseDate::test_iso_format PASSED [ 25%]
tests/test_coverage_boost_round2.py::TestKpiParseDate::test_none_input PASSED [ 25%]
tests/test_coverage_boost_round2.py::TestKpiParseDate::test_invalid_format PASSED [ 25%]
tests/test_coverage_boost_round2.py::TestKpiDetectBuildCheckName::test_returns_mkdocs_on_import_error PASSED [ 25%]
tests/test_coverage_boost_round2.py::TestValidateModulesSetField::test_missing_field PASSED [ 25%]
tests/test_coverage_boost_round2.py::TestValidateModulesSetField::test_unsupported_value PASSED [ 25%]
tests/test_coverage_boost_round2.py::TestValidateModulesSetField::test_non_string_value PASSED [ 25%]
tests/test_coverage_boost_round2.py::TestValidateModulesSetField::test_valid_values_pass PASSED [ 25%]
tests/test_coverage_boost_round2.py::TestValidateModulesCycleDetection::test_no_cycle PASSED [ 25%]
tests/test_coverage_boost_round2.py::TestValidateModulesCycleDetection::test_detects_cycle PASSED [ 25%]
tests/test_coverage_boost_round2.py::TestValidateModulesFull::test_valid_module_passes PASSED [ 25%]
tests/test_coverage_boost_round2.py::TestValidateModulesFull::test_duplicate_id PASSED [ 25%]
tests/test_coverage_boost_round2.py::TestValidateModulesFull::test_invalid_yaml PASSED [ 25%]
tests/test_coverage_boost_round2.py::TestValidateModulesFull::test_missing_id PASSED [ 25%]
tests/test_coverage_boost_round2.py::TestValidateModulesFull::test_short_title PASSED [ 25%]
tests/test_coverage_boost_round2.py::TestValidateModulesFull::test_invalid_priority PASSED [ 25%]
tests/test_coverage_boost_round2.py::TestValidateModulesFull::test_invalid_status PASSED [ 25%]
tests/test_coverage_boost_round2.py::TestValidateModulesFull::test_missing_content_fields PASSED [ 25%]
tests/test_coverage_boost_round2.py::TestValidateModulesFull::test_unknown_dependency PASSED [ 25%]
tests/test_coverage_boost_round2.py::TestValidateModulesFull::test_non_list_dependencies PASSED [ 25%]
tests/test_coverage_boost_round2.py::TestValidateModulesFull::test_content_not_dict PASSED [ 26%]
tests/test_coverage_boost_round2.py::TestValidateModulesBuildReport::test_builds_report_structure PASSED [ 26%]
tests/test_coverage_boost_round2.py::TestValidateModulesBuildReport::test_valid_report PASSED [ 26%]
tests/test_coverage_boost_round3.py::TestBuildAcmeDemoSiteFlattenNav::test_flatten_simple_strings PASSED [ 26%]
tests/test_coverage_boost_round3.py::TestBuildAcmeDemoSiteFlattenNav::test_flatten_nested_dicts PASSED [ 26%]
tests/test_coverage_boost_round3.py::TestBuildAcmeDemoSiteFlattenNav::test_flatten_empty_nav PASSED [ 26%]
tests/test_coverage_boost_round3.py::TestBuildAcmeDemoSiteFlattenNav::test_flatten_deeply_nested PASSED [ 26%]
tests/test_coverage_boost_round3.py::TestBuildAcmeParseFrontmatter::test_valid_frontmatter PASSED [ 26%]
tests/test_coverage_boost_round3.py::TestBuildAcmeParseFrontmatter::test_missing_frontmatter PASSED [ 26%]
tests/test_coverage_boost_round3.py::TestBuildAcmeParseFrontmatter::test_unterminated_frontmatter PASSED [ 26%]
tests/test_coverage_boost_round3.py::TestBuildAcmeParseFrontmatter::test_invalid_mapping_frontmatter PASSED [ 26%]
tests/test_coverage_boost_round3.py::TestBuildAcmeReadBody::test_strips_frontmatter PASSED [ 26%]
tests/test_coverage_boost_round3.py::TestBuildAcmeReadBody::test_no_frontmatter PASSED [ 26%]
tests/test_coverage_boost_round3.py::TestBuildAcmeReadBody::test_unterminated_returns_text PASSED [ 26%]
tests/test_coverage_boost_round3.py::TestBuildAcmeSlug::test_slug_basic PASSED [ 26%]
tests/test_coverage_boost_round3.py::TestBuildAcmeSlug::test_slug_special_chars PASSED [ 26%]
tests/test_coverage_boost_round3.py::TestBuildAcmeSlug::test_slug_empty_string PASSED [ 26%]
tests/test_coverage_boost_round3.py::TestBuildAcmeFirstParagraph::test_extracts_first_paragraph PASSED [ 26%]
tests/test_coverage_boost_round3.py::TestBuildAcmeFirstParagraph::test_empty_body PASSED [ 26%]
tests/test_coverage_boost_round3.py::TestBuildAcmeFirstParagraph::test_heading_only PASSED [ 26%]
tests/test_coverage_boost_round3.py::TestBuildAcmeRefreshScore::test_updates_quality_score_line PASSED [ 26%]
tests/test_coverage_boost_round3.py::TestBuildAcmeRefreshScore::test_updates_all_kpi_rows PASSED [ 26%]
tests/test_coverage_boost_round3.py::TestBuildAcmeRefreshScore::test_nonexistent_path_noop PASSED [ 26%]
tests/test_coverage_boost_round3.py::TestBuildAcmeEnsureOpenapi::test_creates_openapi_file PASSED [ 26%]
tests/test_coverage_boost_round3.py::TestBuildAcmeEnsureSwaggerHtml::test_creates_swagger_html PASSED [ 26%]
tests/test_coverage_boost_round3.py::TestBuildAcmeEnsureSwaggerHtml::test_repairs_existing_swagger_html PASSED [ 26%]
tests/test_coverage_boost_round3.py::TestBuildAcmeValidateScope::test_forbidden_token_detected PASSED [ 27%]
tests/test_coverage_boost_round3.py::TestBuildAcmeValidateScope::test_clean_docs_pass PASSED [ 27%]
tests/test_coverage_boost_round3.py::TestBuildAcmeValidateScope::test_review_manifest_excluded PASSED [ 27%]
tests/test_coverage_boost_round3.py::TestBuildAcmeValidateNoSecrets::test_secret_detected PASSED [ 27%]
tests/test_coverage_boost_round3.py::TestBuildAcmeValidateNoSecrets::test_openai_key_detected PASSED [ 27%]
tests/test_coverage_boost_round3.py::TestBuildAcmeValidateNoSecrets::test_clean_passes PASSED [ 27%]
tests/test_coverage_boost_round3.py::TestBuildAcmeGenerateEmbeddings::test_skips_when_no_api_key PASSED [ 27%]
tests/test_coverage_boost_round3.py::TestCheckUpdatesCurrentVersion::test_no_version_file PASSED [ 27%]
tests/test_coverage_boost_round3.py::TestCheckUpdatesCurrentVersion::test_valid_version_file PASSED [ 27%]
tests/test_coverage_boost_round3.py::TestCheckUpdatesCurrentVersion::test_corrupt_version_file PASSED [ 27%]
tests/test_coverage_boost_round3.py::TestCheckUpdatesDetectPlatform::test_linux_x86 PASSED [ 27%]
tests/test_coverage_boost_round3.py::TestCheckUpdatesDetectPlatform::test_macos_arm PASSED [ 27%]
tests/test_coverage_boost_round3.py::TestCheckUpdatesDetectPlatform::test_macos_intel PASSED [ 27%]
tests/test_coverage_boost_round3.py::TestCheckUpdatesDetectPlatform::test_windows PASSED [ 27%]
tests/test_coverage_boost_round3.py::TestCheckUpdatesDetectPlatform::test_unknown_platform PASSED [ 27%]
tests/test_coverage_boost_round3.py::TestCheckUpdatesCheckForUpdate::test_no_update_available PASSED [ 27%]
tests/test_coverage_boost_round3.py::TestCheckUpdatesCheckForUpdate::test_update_available PASSED [ 27%]
tests/test_coverage_boost_round3.py::TestCheckUpdatesCheckForUpdate::test_network_failure_returns_none PASSED [ 27%]
tests/test_coverage_boost_round3.py::TestCheckUpdatesVerifyBundle::test_import_error_returns_false PASSED [ 27%]
tests/test_coverage_boost_round3.py::TestCheckUpdatesBackup::test_creates_backup_directory PASSED [ 27%]
tests/test_coverage_boost_round3.py::TestCheckUpdatesApply::test_no_download_url PASSED [ 27%]
tests/test_coverage_boost_round3.py::TestCheckUpdatesApply::test_download_failure PASSED [ 27%]
tests/test_coverage_boost_round3.py::TestCheckUpdatesMain::test_up_to_date PASSED [ 27%]
tests/test_coverage_boost_round3.py::TestChunkerBuildText::test_builds_text_from_module PASSED [ 27%]
tests/test_coverage_boost_round3.py::TestChunkerBuildText::test_empty_module PASSED [ 27%]
tests/test_coverage_boost_round3.py::TestChunkerChunkModule::test_single_chunk_when_small PASSED [ 27%]
tests/test_coverage_boost_round3.py::TestChunkerChunkModule::test_multiple_chunks_when_large PASSED [ 27%]
tests/test_coverage_boost_round3.py::TestChunkerChunkModule::test_no_tiktoken_raises PASSED [ 28%]
tests/test_coverage_boost_round3.py::TestCreateDocAndRunPipeline::test_default_runtime_exists PASSED [ 28%]
tests/test_coverage_boost_round3.py::TestCreateDocAndRunPipeline::test_default_runtime_missing PASSED [ 28%]
tests/test_coverage_boost_round3.py::TestCreateDocAndRunPipeline::test_main_new_doc_fails PASSED [ 28%]
tests/test_coverage_boost_round3.py::TestCreateDocAndRunPipeline::test_main_no_runtime_config PASSED [ 28%]
tests/test_coverage_boost_round3.py::TestCreateDocAndRunPipeline::test_main_full_success PASSED [ 28%]
tests/test_coverage_boost_round3.py::TestCreateDocAndRunPipeline::test_main_veridoc_mode PASSED [ 28%]
tests/test_coverage_boost_round3.py::TestProtocolRegressionSnapshot::test_collect_snapshot_single_file PASSED [ 28%]
tests/test_coverage_boost_round3.py::TestProtocolRegressionSnapshot::test_collect_snapshot_directory PASSED [ 28%]
tests/test_coverage_boost_round3.py::TestProtocolRegressionSnapshot::test_compare_no_changes PASSED [ 28%]
tests/test_coverage_boost_round3.py::TestProtocolRegressionSnapshot::test_compare_added_file PASSED [ 28%]
tests/test_coverage_boost_round3.py::TestProtocolRegressionSnapshot::test_compare_removed_file PASSED [ 28%]
tests/test_coverage_boost_round3.py::TestProtocolRegressionSnapshot::test_compare_changed_file PASSED [ 28%]
tests/test_coverage_boost_round3.py::TestProtocolRegressionSnapshot::test_compare_invalid_format PASSED [ 28%]
tests/test_coverage_boost_round3.py::TestProtocolRegressionNormalized::test_yaml_normalization PASSED [ 28%]
tests/test_coverage_boost_round3.py::TestProtocolRegressionNormalized::test_json_normalization PASSED [ 28%]
tests/test_coverage_boost_round3.py::TestProtocolRegressionNormalized::test_text_passthrough PASSED [ 28%]
tests/test_coverage_boost_round3.py::TestProtocolRegressionMain::test_main_update_mode PASSED [ 28%]
tests/test_coverage_boost_round3.py::TestProtocolRegressionMain::test_main_missing_input PASSED [ 28%]
tests/test_coverage_boost_round3.py::TestProtocolRegressionMain::test_main_no_regression PASSED [ 28%]
[...]
tests/test_protocol_gen_publish.py::TestPlaygroundRenderers::test_graphql_playground_structure PASSED [ 71%]
tests/test_protocol_gen_publish.py::TestPlaygroundRenderers::test_graphql_playground_semantic_fallback PASSED [ 71%]
tests/test_protocol_gen_publish.py::TestPlaygroundRenderers::test_grpc_tester_structure PASSED [ 71%]
tests/test_protocol_gen_publish.py::TestPlaygroundRenderers::test_asyncapi_tester_dual_transport PASSED [ 71%]
tests/test_protocol_gen_publish.py::TestPlaygroundRenderers::test_websocket_tester_structure PASSED [ 71%]
tests/test_protocol_gen_publish.py::TestPlaygroundRenderers::test_graphql_playground_empty_endpoint PASSED [ 71%]
tests/test_protocol_gen_publish.py::TestRenderSummary::test_graphql_summary PASSED [ 71%]
tests/test_protocol_gen_publish.py::TestRenderSummary::test_grpc_summary PASSED [ 71%]
tests/test_protocol_gen_publish.py::TestRenderSummary::test_asyncapi_summary PASSED [ 71%]
tests/test_protocol_gen_publish.py::TestRenderSummary::test_websocket_summary PASSED [ 71%]
tests/test_protocol_gen_publish.py::TestRenderSummary::test_unknown_protocol_summary PASSED [ 72%]
tests/test_protocol_gen_publish.py::TestRenderSummary::test_frontmatter_present PASSED [ 72%]
tests/test_protocol_gen_publish.py::TestRenderSummary::test_dict_payload_top_level_keys PASSED [ 72%]
tests/test_protocol_gen_publish.py::TestGenDocsMain::test_graphql_docs_cli PASSED [ 72%]
tests/test_protocol_gen_publish.py::TestGenDocsMain::test_missing_source_raises PASSED [ 72%]
tests/test_protocol_gen_publish.py::TestGenDocsMain::test_asyncapi_docs_cli_default_ws_endpoint PASSED [ 72%]
tests/test_protocol_gen_publish.py::TestCopy::test_copies_existing_file PASSED [ 72%]
tests/test_protocol_gen_publish.py::TestCopy::test_skips_missing_source PASSED [ 72%]
tests/test_protocol_gen_publish.py::TestCopy::test_creates_parent_directories PASSED [ 72%]
tests/test_protocol_gen_publish.py::TestPublishMain::test_publish_file_source PASSED [ 72%]
tests/test_protocol_gen_publish.py::TestPublishMain::test_publish_directory_source PASSED [ 72%]
tests/test_protocol_gen_publish.py::TestPublishMain::test_absolute_target_root_raises PASSED [ 72%]
tests/test_protocol_gen_publish.py::TestPublishMain::test_publish_missing_source_file_skipped PASSED [ 72%]
tests/test_protocol_lint_quality.py::test_load_data_yaml PASSED          [ 72%]
tests/test_protocol_lint_quality.py::test_load_data_yml_extension PASSED [ 72%]
tests/test_protocol_lint_quality.py::test_load_data_json PASSED          [ 72%]
tests/test_protocol_lint_quality.py::test_load_data_text PASSED          [ 72%]
tests/test_protocol_lint_quality.py::test_load_data_directory PASSED     [ 72%]
tests/test_protocol_lint_quality.py::test_collect_proto_files_single_file PASSED [ 72%]
tests/test_protocol_lint_quality.py::test_collect_proto_files_directory PASSED [ 72%]
tests/test_protocol_lint_quality.py::test_collect_proto_files_non_proto PASSED [ 72%]
tests/test_protocol_lint_quality.py::test_collect_proto_files_empty_dir PASSED [ 72%]
tests/test_protocol_lint_quality.py::test_graphql_checks_all_pass PASSED [ 72%]
tests/test_protocol_lint_quality.py::test_graphql_check_names PASSED     [ 72%]
tests/test_protocol_lint_quality.py::test_graphql_missing_file PASSED    [ 72%]
tests/test_protocol_lint_quality.py::test_graphql_empty_file PASSED      [ 72%]
tests/test_protocol_lint_quality.py::test_graphql_unbalanced_braces PASSED [ 72%]
tests/test_protocol_lint_quality.py::test_graphql_unbalanced_parentheses PASSED [ 73%]
tests/test_protocol_lint_quality.py::test_graphql_duplicate_types PASSED [ 73%]
tests/test_protocol_lint_quality.py::test_graphql_duplicate_fields PASSED [ 73%]
tests/test_protocol_lint_quality.py::test_graphql_schema_root_bad_reference PASSED [ 73%]
tests/test_protocol_lint_quality.py::test_graphql_no_root_declared PASSED [ 73%]
tests/test_protocol_lint_quality.py::test_grpc_checks_all_pass PASSED    [ 73%]
tests/test_protocol_lint_quality.py::test_grpc_check_names PASSED        [ 73%]
tests/test_protocol_lint_quality.py::test_grpc_missing_file PASSED       [ 73%]
tests/test_protocol_lint_quality.py::test_grpc_no_syntax PASSED          [ 73%]
tests/test_protocol_lint_quality.py::test_grpc_unbalanced_braces PASSED  [ 73%]
tests/test_protocol_lint_quality.py::test_grpc_no_service PASSED         [ 73%]
tests/test_protocol_lint_quality.py::test_grpc_duplicate_rpc PASSED      [ 73%]
tests/test_protocol_lint_quality.py::test_grpc_proto3_required_field PASSED [ 73%]
tests/test_protocol_lint_quality.py::test_grpc_proto2_required_allowed PASSED [ 73%]
tests/test_protocol_lint_quality.py::test_grpc_directory_source PASSED   [ 73%]
tests/test_protocol_lint_quality.py::test_asyncapi_checks_all_pass PASSED [ 73%]
tests/test_protocol_lint_quality.py::test_asyncapi_check_names PASSED    [ 73%]
tests/test_protocol_lint_quality.py::test_asyncapi_missing_file PASSED   [ 73%]
tests/test_protocol_lint_quality.py::test_asyncapi_missing_info_title PASSED [ 73%]
tests/test_protocol_lint_quality.py::test_asyncapi_empty_channels PASSED [ 73%]
tests/test_protocol_lint_quality.py::test_asyncapi_no_operations PASSED  [ 73%]
tests/test_protocol_lint_quality.py::test_asyncapi_no_payload PASSED     [ 73%]
tests/test_protocol_lint_quality.py::test_asyncapi_version_not_string PASSED [ 73%]
tests/test_protocol_lint_quality.py::test_websocket_checks_all_pass PASSED [ 73%]
tests/test_protocol_lint_quality.py::test_websocket_check_names PASSED   [ 73%]
tests/test_protocol_lint_quality.py::test_websocket_flexible_root_keys[channels] PASSED [ 73%]
tests/test_protocol_lint_quality.py::test_websocket_flexible_root_keys[topics] PASSED [ 74%]
tests/test_protocol_lint_quality.py::test_websocket_flexible_root_keys[events] PASSED [ 74%]
tests/test_protocol_lint_quality.py::test_websocket_flexible_root_keys[messages] PASSED [ 74%]
tests/test_protocol_lint_quality.py::test_websocket_missing_file PASSED  [ 74%]
tests/test_protocol_lint_quality.py::test_websocket_no_root_key PASSED   [ 74%]
tests/test_protocol_lint_quality.py::test_websocket_empty_channels PASSED [ 74%]
tests/test_protocol_lint_quality.py::test_websocket_channel_not_object PASSED [ 74%]
tests/test_protocol_lint_quality.py::test_websocket_no_payload PASSED    [ 74%]
tests/test_protocol_lint_quality.py::test_websocket_unbalanced_braces PASSED [ 74%]
tests/test_protocol_lint_quality.py::test_lint_run_graphql PASSED        [ 74%]
tests/test_protocol_lint_quality.py::test_lint_run_grpc PASSED           [ 74%]
tests/test_protocol_lint_quality.py::test_lint_run_asyncapi PASSED       [ 74%]
tests/test_protocol_lint_quality.py::test_lint_run_websocket PASSED      [ 74%]
tests/test_protocol_lint_quality.py::test_lint_run_invalid_protocol PASSED [ 74%]
tests/test_protocol_lint_quality.py::test_lint_main_success_no_report PASSED [ 74%]
tests/test_protocol_lint_quality.py::test_lint_main_failure PASSED       [ 74%]
tests/test_protocol_lint_quality.py::test_lint_main_json_report PASSED   [ 74%]
tests/test_protocol_lint_quality.py::test_lint_main_json_report_with_failures PASSED [ 74%]
tests/test_protocol_lint_quality.py::test_lint_main_grpc_protocol PASSED [ 74%]
tests/test_protocol_lint_quality.py::test_quality_run_success PASSED     [ 74%]
tests/test_protocol_lint_quality.py::test_quality_run_failure PASSED     [ 74%]
tests/test_protocol_lint_quality.py::test_quality_run_non_blocking PASSED [ 74%]
tests/test_protocol_lint_quality.py::test_quality_run_includes_command PASSED [ 74%]
tests/test_protocol_lint_quality.py::test_semantic_markers_graphql PASSED [ 74%]
tests/test_protocol_lint_quality.py::test_semantic_markers_grpc PASSED   [ 74%]
tests/test_protocol_lint_quality.py::test_semantic_markers_asyncapi PASSED [ 74%]
tests/test_protocol_lint_quality.py::test_semantic_markers_websocket PASSED [ 74%]
tests/test_protocol_lint_quality.py::test_semantic_markers_unknown_protocol PASSED [ 75%]
tests/test_protocol_lint_quality.py::test_forbidden_patterns_asyncapi PASSED [ 75%]
tests/test_protocol_lint_quality.py::test_forbidden_patterns_websocket PASSED [ 75%]
tests/test_protocol_lint_quality.py::test_forbidden_patterns_graphql_empty PASSED [ 75%]
tests/test_protocol_lint_quality.py::test_forbidden_patterns_grpc_empty PASSED [ 75%]
tests/test_protocol_lint_quality.py::test_forbidden_patterns_unknown_protocol PASSED [ 75%]
tests/test_protocol_lint_quality.py::test_quality_main_semantic_markers_found PASSED [ 75%]
tests/test_protocol_lint_quality.py::test_quality_main_semantic_markers_missing PASSED [ 75%]
tests/test_protocol_lint_quality.py::test_quality_main_missing_doc_semantic_fail PASSED [ 75%]
tests/test_protocol_lint_quality.py::test_quality_main_forbidden_patterns_detected PASSED [ 75%]
tests/test_protocol_lint_quality.py::test_quality_main_no_forbidden_patterns PASSED [ 75%]
tests/test_protocol_lint_quality.py::test_quality_main_rag_marker_skips_second_run PASSED [ 75%]
tests/test_protocol_lint_quality.py::test_quality_main_report_structure PASSED [ 75%]
tests/test_protocol_lint_quality.py::test_quality_main_custom_json_report_path PASSED [ 75%]
tests/test_protocol_parity_stack.py::test_protocol_lint_stack_graphql_pass PASSED [ 75%]
tests/test_protocol_parity_stack.py::test_protocol_lint_stack_graphql_fail_duplicate_field PASSED [ 75%]
tests/test_protocol_parity_stack.py::test_protocol_self_verify_skips_without_endpoint_when_not_required PASSED [ 75%]
tests/test_protocol_parity_stack.py::test_protocol_self_verify_fails_without_endpoint_when_required PASSED [ 75%]
tests/test_protocol_server_stubs.py::test_generate_graphql_server_stubs PASSED [ 75%]
tests/test_protocol_server_stubs.py::test_generate_grpc_server_stubs PASSED [ 75%]
tests/test_protocol_validator_depth.py::test_graphql_validator_detects_duplicate_fields PASSED [ 75%]
tests/test_protocol_validator_depth.py::test_proto_validator_detects_proto3_required PASSED [ 75%]
tests/test_protocol_validator_depth.py::test_asyncapi_validator_requires_operation_message_payload PASSED [ 75%]
tests/test_protocol_validator_depth.py::test_websocket_validator_requires_payload_shape PASSED [ 75%]
tests/test_protocol_validator_depth.py::test_protocol_coverage_gate_fails_for_shallow_cases PASSED [ 75%]
tests/test_protocol_validator_depth.py::test_graphql_test_assets_include_subscription_entities PASSED [ 75%]
tests/test_protocol_validators.py::TestAsyncAPILoad::test_load_yaml_file PASSED [ 75%]
tests/test_protocol_validators.py::TestAsyncAPILoad::test_load_json_file PASSED [ 76%]
tests/test_protocol_validators.py::TestAsyncAPILoad::test_load_non_dict_raises PASSED [ 76%]
tests/test_protocol_validators.py::TestAsyncAPIMessageHasPayload::test_direct_payload PASSED [ 76%]
tests/test_protocol_validators.py::TestAsyncAPIMessageHasPayload::test_oneof_payload PASSED [ 76%]
tests/test_protocol_validators.py::TestAsyncAPIMessageHasPayload::test_oneof_without_payload PASSED [ 76%]
tests/test_protocol_validators.py::TestAsyncAPIMessageHasPayload::test_non_dict_message PASSED [ 76%]
tests/test_protocol_validators.py::TestAsyncAPIMessageHasPayload::test_empty_dict PASSED [ 76%]
tests/test_protocol_validators.py::TestAsyncAPIValidate::test_valid_contract_passes PASSED [ 76%]
tests/test_protocol_validators.py::TestAsyncAPIValidate::test_missing_required_keys PASSED [ 76%]
tests/test_protocol_validators.py::TestAsyncAPIValidate::test_asyncapi_version_must_be_string PASSED [ 76%]
tests/test_protocol_validators.py::TestAsyncAPIValidate::test_info_must_be_object PASSED [ 76%]
tests/test_protocol_validators.py::TestAsyncAPIValidate::test_info_missing_title PASSED [ 76%]
tests/test_protocol_validators.py::TestAsyncAPIValidate::test_info_missing_version PASSED [ 76%]
tests/test_protocol_validators.py::TestAsyncAPIValidate::test_channels_must_be_object PASSED [ 76%]
tests/test_protocol_validators.py::TestAsyncAPIValidate::test_empty_channels PASSED [ 76%]
tests/test_protocol_validators.py::TestAsyncAPIValidate::test_channel_not_object PASSED [ 76%]
tests/test_protocol_validators.py::TestAsyncAPIValidate::test_channel_missing_operation PASSED [ 76%]
tests/test_protocol_validators.py::TestAsyncAPIValidate::test_operation_not_object PASSED [ 76%]
tests/test_protocol_validators.py::TestAsyncAPIValidate::test_operation_missing_payload PASSED [ 76%]
tests/test_protocol_validators.py::TestAsyncAPIValidate::test_subscribe_with_oneof_payload PASSED [ 76%]
tests/test_protocol_validators.py::TestAsyncAPIMain::test_main_success PASSED [ 76%]
tests/test_protocol_validators.py::TestAsyncAPIMain::test_main_failure PASSED [ 76%]
tests/test_protocol_validators.py::TestAsyncAPIMain::test_main_file_not_found PASSED [ 76%]
tests/test_protocol_validators.py::TestGraphQLExtractBlocks::test_extract_type_blocks PASSED [ 76%]
tests/test_protocol_validators.py::TestGraphQLExtractBlocks::test_extract_enum_blocks PASSED [ 76%]
tests/test_protocol_validators.py::TestGraphQLExtractBlocks::test_extract_no_matches PASSED [ 76%]
tests/test_protocol_validators.py::TestGraphQLExtractSchemaRoots::test_extract_schema_root PASSED [ 77%]
tests/test_protocol_validators.py::TestGraphQLExtractSchemaRoots::test_no_schema_block PASSED [ 77%]
tests/test_protocol_validators.py::TestGraphQLExtractSchemaRoots::test_comments_in_schema_block PASSED [ 77%]
tests/test_protocol_validators.py::TestGraphQLValidateSchema::test_valid_schema_passes PASSED [ 77%]
tests/test_protocol_validators.py::TestGraphQLValidateSchema::test_empty_schema PASSED [ 77%]
tests/test_protocol_validators.py::TestGraphQLValidateSchema::test_whitespace_only PASSED [ 77%]
tests/test_protocol_validators.py::TestGraphQLValidateSchema::test_missing_root_type PASSED [ 77%]
tests/test_protocol_validators.py::TestGraphQLValidateSchema::test_unbalanced_braces PASSED [ 77%]
tests/test_protocol_validators.py::TestGraphQLValidateSchema::test_unbalanced_parentheses PASSED [ 77%]
tests/test_protocol_validators.py::TestGraphQLValidateSchema::test_duplicate_type_declaration PASSED [ 77%]
tests/test_protocol_validators.py::TestGraphQLValidateSchema::test_duplicate_field_in_type PASSED [ 77%]
tests/test_protocol_validators.py::TestGraphQLValidateSchema::test_schema_root_references_missing_type PASSED [ 77%]
tests/test_protocol_validators.py::TestGraphQLValidateSchema::test_valid_explicit_schema_block PASSED [ 77%]
tests/test_protocol_validators.py::TestGraphQLValidateSchema::test_input_type_duplicate_fields PASSED [ 77%]
tests/test_protocol_validators.py::TestGraphQLValidateSchema::test_interface_duplicate_fields PASSED [ 77%]
tests/test_protocol_validators.py::TestGraphQLValidateSchema::test_security_injection_in_schema PASSED [ 77%]
tests/test_protocol_validators.py::TestGraphQLMain::test_main_success PASSED [ 77%]
tests/test_protocol_validators.py::TestGraphQLMain::test_main_failure PASSED [ 77%]
tests/test_protocol_validators.py::TestGraphQLMain::test_main_file_not_found PASSED [ 77%]
tests/test_protocol_validators.py::TestProtoCollectFiles::test_collect_single_file PASSED [ 77%]
tests/test_protocol_validators.py::TestProtoCollectFiles::test_collect_from_directory PASSED [ 77%]
tests/test_protocol_validators.py::TestProtoCollectFiles::test_collect_ignores_non_proto PASSED [ 77%]
tests/test_protocol_validators.py::TestProtoCollectFiles::test_collect_empty_directory PASSED [ 77%]
tests/test_protocol_validators.py::TestProtoValidateText::test_valid_proto_passes PASSED [ 77%]
tests/test_protocol_validators.py::TestProtoValidateText::test_missing_syntax PASSED [ 77%]
tests/test_protocol_validators.py::TestProtoValidateText::test_unbalanced_braces PASSED [ 77%]
tests/test_protocol_validators.py::TestProtoValidateText::test_no_declarations PASSED [ 77%]
tests/test_protocol_validators.py::TestProtoValidateText::test_duplicate_message PASSED [ 78%]
tests/test_protocol_validators.py::TestProtoValidateText::test_duplicate_rpc_in_service PASSED [ 78%]
tests/test_protocol_validators.py::TestProtoValidateText::test_service_no_rpc PASSED [ 78%]
tests/test_protocol_validators.py::TestProtoValidateText::test_proto3_required_field PASSED [ 78%]
tests/test_protocol_validators.py::TestProtoValidateText::test_proto2_required_field_allowed PASSED [ 78%]
tests/test_protocol_validators.py::TestProtoValidateText::test_security_sql_injection_comment PASSED [ 78%]
tests/test_protocol_validators.py::TestProtoMain::test_main_success PASSED [ 78%]
tests/test_protocol_validators.py::TestProtoMain::test_main_failure PASSED [ 78%]
tests/test_protocol_validators.py::TestProtoMain::test_main_no_files_found PASSED [ 78%]
tests/test_protocol_validators.py::TestProtoMain::test_main_directory_input PASSED [ 78%]
tests/test_protocol_validators.py::TestWSLoad::test_load_yaml PASSED     [ 78%]
tests/test_protocol_validators.py::TestWSLoad::test_load_json PASSED     [ 78%]
tests/test_protocol_validators.py::TestWSLoad::test_load_non_dict_raises PASSED [ 78%]
tests/test_protocol_validators.py::TestWSExtractChannels::test_channels_key PASSED [ 78%]
tests/test_protocol_validators.py::TestWSExtractChannels::test_topics_key PASSED [ 78%]
tests/test_protocol_validators.py::TestWSExtractChannels::test_events_key PASSED [ 78%]
tests/test_protocol_validators.py::TestWSExtractChannels::test_messages_key PASSED [ 78%]
tests/test_protocol_validators.py::TestWSExtractChannels::test_no_recognized_key PASSED [ 78%]
tests/test_protocol_validators.py::TestWSExtractChannels::test_non_dict_value_skipped PASSED [ 78%]
tests/test_protocol_validators.py::TestWSEntryHasPayload::test_direct_payload PASSED [ 78%]
tests/test_protocol_validators.py::TestWSEntryHasPayload::test_direct_schema PASSED [ 78%]
tests/test_protocol_validators.py::TestWSEntryHasPayload::test_direct_message PASSED [ 78%]
tests/test_protocol_validators.py::TestWSEntryHasPayload::test_nested_in_direction PASSED [ 78%]
tests/test_protocol_validators.py::TestWSEntryHasPayload::test_nested_schema_in_subscribe PASSED [ 78%]
tests/test_protocol_validators.py::TestWSEntryHasPayload::test_no_payload_anywhere PASSED [ 78%]
tests/test_protocol_validators.py::TestWSEntryHasPayload::test_direction_block_non_dict PASSED [ 78%]
tests/test_protocol_validators.py::TestWSValidate::test_valid_contract_passes PASSED [ 79%]
tests/test_protocol_validators.py::TestWSValidate::test_no_root_key PASSED [ 79%]
tests/test_protocol_validators.py::TestWSValidate::test_empty_channels PASSED [ 79%]
tests/test_protocol_validators.py::TestWSValidate::test_channel_not_object PASSED [ 79%]
tests/test_protocol_validators.py::TestWSValidate::test_channel_missing_payload PASSED [ 79%]
tests/test_protocol_validators.py::TestWSValidate::test_topics_root_key_valid PASSED [ 79%]
tests/test_protocol_validators.py::TestWSValidate::test_events_root_key_valid PASSED [ 79%]
tests/test_protocol_validators.py::TestWSValidate::test_messages_root_key_valid PASSED [ 79%]
tests/test_protocol_validators.py::TestWSValidate::test_direction_block_with_payload PASSED [ 79%]
tests/test_protocol_validators.py::TestWSValidate::test_security_yaml_bomb PASSED [ 79%]
tests/test_protocol_validators.py::TestWSMain::test_main_success PASSED  [ 79%]
tests/test_protocol_validators.py::TestWSMain::test_main_failure PASSED  [ 79%]
tests/test_protocol_validators.py::TestWSMain::test_main_file_not_found PASSED [ 79%]
tests/test_provision_client_repo_advanced_coverage.py::test_create_profile_via_wizard_full_branching PASSED [ 79%]
tests/test_provision_client_repo_advanced_coverage.py::test_collect_secret_inputs_writes_dotenv_and_gitignore PASSED [ 79%]
tests/test_provision_client_repo_advanced_coverage.py::test_ensure_signed_jwt_for_bundle_autogenerates_and_persists_path PASSED [ 79%]
tests/test_provision_client_repo_advanced_coverage.py::test_ensure_signed_jwt_for_bundle_skips_when_manual_path_exists PASSED [ 79%]
tests/test_provision_client_repo_advanced_coverage.py::test_ensure_signed_jwt_for_bundle_retries_after_crypto_install PASSED [ 79%]
tests/test_public_docs_audit_advanced_coverage.py::test_crawl_site_and_payload_with_mocked_fetch 